make[1]: Entering directory `/rhome/wzeng002/Documents/GitHub/search-css-code'
make[1]: `css.out' is up to date.
make[1]: Leaving directory `/rhome/wzeng002/Documents/GitHub/search-css-code'
./css.out mode=1 sub_mode= title= debug=1 n_low=8 n_high=10 seed=  note= na_input= num_core=15 num_trial=200000
input seed: 999 --> converted seed:56237984
No such file:data/dist-size-0.mtx
No such file:data/dist-size-1.mtx
No such file:data/dist-size-2.mtx
No such file:data/dist-size-3.mtx
No such file:data/dist-size-4.mtx
n,k,d k=1                   k=2                 k=3
n=5
k1(1,4)(2,2)(3,1)(4,1)(5,0)
k2(1,2)(2,2)(3,0)(4,0)(5,0)
k3(1,2)(2,1)(3,0)(4,0)(5,0)
n=6
k1(1,5)(2,3)(3,2)(4,1)(5,1)(6,0)
k2(1,3)(2,2)(3,1)(4,0)(5,0)(6,0)
k3(1,2)(2,2)(3,0)(4,0)(5,0)(6,0)
k4(1,2)(2,2)(3,0)(4,0)(5,0)(6,0)
n=7
k1(1,6)(2,3)(3,2)(4,1)(5,1)(6,0)(7,0)
k2(1,3)(2,2)(3,1)(4,0)(5,0)(6,0)(7,0)
k3(1,2)(2,2)(3,1)(4,0)(5,0)(6,0)(7,0)
k4(1,2)(2,1)(3,0)(4,0)(5,0)(6,0)(7,0)
k5(1,2)(2,1)(3,0)(4,0)(5,0)(6,0)(7,0)
n=8
k1(1,6)(2,3)(3,2)(4,2)(5,1)(6,1)(7,0)(8,0)
k2(1,4)(2,3)(3,2)(4,1)(5,0)(6,0)(7,0)(8,0)
k3(1,3)(2,2)(3,1)(4,0)(5,0)(6,0)(7,0)(8,0)
k4(1,2)(2,2)(3,0)(4,0)(5,0)(6,0)(7,0)(8,0)
k5(1,2)(2,2)(3,0)(4,0)(5,0)(6,0)(7,0)(8,0)
k6(1,2)(2,1)(3,0)(4,0)(5,0)(6,0)(7,0)(8,0)
n=9
k1(1,7)(2,4)(3,2)(4,2)(5,1)(6,1)(7,1)(8,0)(9,0)
k2(1,4)(2,3)(3,2)(4,2)(5,0)(6,0)(7,0)(8,0)(9,0)
k3(1,3)(2,3)(3,1)(4,1)(5,0)(6,0)(7,0)(8,0)(9,0)
k4(1,3)(2,2)(3,1)(4,0)(5,0)(6,0)(7,0)(8,0)(9,0)
k5(1,2)(2,2)(3,0)(4,0)(5,0)(6,0)(7,0)(8,0)(9,0)
k6(1,2)(2,1)(3,0)(4,0)(5,0)(6,0)(7,0)(8,0)(9,0)
k7(1,2)(2,1)(3,0)(4,0)(5,0)(6,0)(7,0)(8,0)(9,0)
n=10
k1(1,8)(2,4)(3,3)(4,2)(5,2)(6,1)(7,1)(8,1)(9,0)(10,0)
k2(1,6)(2,4)(3,2)(4,2)(5,1)(6,0)(7,0)(8,0)(9,0)(10,0)
k3(1,4)(2,3)(3,2)(4,1)(5,0)(6,0)(7,0)(8,0)(9,0)(10,0)
k4(1,3)(2,2)(3,1)(4,0)(5,0)(6,0)(7,0)(8,0)(9,0)(10,0)
k5(1,3)(2,2)(3,1)(4,0)(5,0)(6,0)(7,0)(8,0)(9,0)(10,0)
k6(1,2)(2,2)(3,0)(4,0)(5,0)(6,0)(7,0)(8,0)(9,0)(10,0)
k7(1,2)(2,1)(3,0)(4,0)(5,0)(6,0)(7,0)(8,0)(9,0)(10,0)
k8(1,1)(2,1)(3,0)(4,0)(5,0)(6,0)(7,0)(8,0)(9,0)(10,0)
n k d = 0,0,0,0
mode, title ->1

