make: 'css.out' is up to date.
./css.out mode=1 sub_mode= title= debug=2 n_low=20 n_high=30 seed=  note= na_input= num_core=15 num_trial=1000000
input seed: 999 --> converted seed:292428832
wrote the matrix into file data/dist-size-0.mtx
wrote the matrix into file data/dist-size-1.mtx
wrote the matrix into file data/dist-size-2.mtx
wrote the matrix into file data/dist-size-3.mtx
wrote the matrix into file data/dist-size-4.mtx
wrote the matrix into file data/dist-size-5.mtx
wrote the matrix into file data/dist-size-6.mtx
wrote the matrix into file data/dist-size-7.mtx
wrote the matrix into file data/dist-size-8.mtx
wrote the matrix into file data/dist-size-9.mtx
wrote the matrix into file data/dist-size-10.mtx
wrote the matrix into file data/dist-size-11.mtx
wrote the matrix into file data/dist-size-12.mtx
wrote the matrix into file data/dist-size-13.mtx
wrote the matrix into file data/dist-size-14.mtx
wrote the matrix into file data/dist-size-15.mtx
wrote the matrix into file data/dist-size-16.mtx
wrote the matrix into file data/dist-size-17.mtx
wrote the matrix into file data/dist-size-18.mtx
wrote the matrix into file data/dist-size-19.mtx
wrote the matrix into file data/dist-size-20.mtx
wrote the matrix into file data/dist-size-21.mtx
wrote the matrix into file data/dist-size-22.mtx
wrote the matrix into file data/dist-size-23.mtx
wrote the matrix into file data/dist-size-24.mtx
wrote the matrix into file data/dist-size-25.mtx
wrote the matrix into file data/dist-size-26.mtx
wrote the matrix into file data/dist-size-27.mtx
wrote the matrix into file data/dist-size-28.mtx
wrote the matrix into file data/dist-size-29.mtx
wrote the matrix into file data/dist-size-30.mtx
wrote the matrix into file data/dist-size-31.mtx
wrote the matrix into file data/dist-size-32.mtx
wrote the matrix into file data/dist-size-33.mtx
wrote the matrix into file data/dist-size-34.mtx
wrote the matrix into file data/dist-size-35.mtx
wrote the matrix into file data/dist-size-36.mtx
wrote the matrix into file data/dist-size-37.mtx
wrote the matrix into file data/dist-size-38.mtx
wrote the matrix into file data/dist-size-39.mtx
wrote the matrix into file data/dist-size-40.mtx
wrote the matrix into file data/dist-size-41.mtx
wrote the matrix into file data/dist-size-42.mtx
wrote the matrix into file data/dist-size-43.mtx
wrote the matrix into file data/dist-size-44.mtx
wrote the matrix into file data/dist-size-45.mtx
wrote the matrix into file data/dist-size-46.mtx
wrote the matrix into file data/dist-size-47.mtx
wrote the matrix into file data/dist-size-48.mtx
wrote the matrix into file data/dist-size-49.mtx
wrote the matrix into file data/dist-size-50.mtx
wrote the matrix into file data/dist-size-51.mtx
wrote the matrix into file data/dist-size-52.mtx
wrote the matrix into file data/dist-size-53.mtx
wrote the matrix into file data/dist-size-54.mtx
wrote the matrix into file data/dist-size-55.mtx
wrote the matrix into file data/dist-size-56.mtx
wrote the matrix into file data/dist-size-57.mtx
wrote the matrix into file data/dist-size-58.mtx
wrote the matrix into file data/dist-size-59.mtx
wrote the matrix into file data/dist-size-60.mtx
wrote the matrix into file data/dist-size-61.mtx
wrote the matrix into file data/dist-size-62.mtx
wrote the matrix into file data/dist-size-63.mtx
wrote the matrix into file data/dist-size-64.mtx
wrote the matrix into file data/dist-size-65.mtx
wrote the matrix into file data/dist-size-66.mtx
wrote the matrix into file data/dist-size-67.mtx
wrote the matrix into file data/dist-size-68.mtx
wrote the matrix into file data/dist-size-69.mtx
wrote the matrix into file data/dist-size-70.mtx
wrote the matrix into file data/dist-size-71.mtx
wrote the matrix into file data/dist-size-72.mtx
wrote the matrix into file data/dist-size-73.mtx
wrote the matrix into file data/dist-size-74.mtx
wrote the matrix into file data/dist-size-75.mtx
wrote the matrix into file data/dist-size-76.mtx
wrote the matrix into file data/dist-size-77.mtx
wrote the matrix into file data/dist-size-78.mtx
wrote the matrix into file data/dist-size-79.mtx
wrote the matrix into file data/dist-size-80.mtx
wrote the matrix into file data/dist-size-81.mtx
wrote the matrix into file data/dist-size-82.mtx
wrote the matrix into file data/dist-size-83.mtx
wrote the matrix into file data/dist-size-84.mtx
wrote the matrix into file data/dist-size-85.mtx
wrote the matrix into file data/dist-size-86.mtx
wrote the matrix into file data/dist-size-87.mtx
wrote the matrix into file data/dist-size-88.mtx
wrote the matrix into file data/dist-size-89.mtx
wrote the matrix into file data/dist-size-90.mtx
wrote the matrix into file data/dist-size-91.mtx
wrote the matrix into file data/dist-size-92.mtx
wrote the matrix into file data/dist-size-93.mtx
wrote the matrix into file data/dist-size-94.mtx
wrote the matrix into file data/dist-size-95.mtx
wrote the matrix into file data/dist-size-96.mtx
wrote the matrix into file data/dist-size-97.mtx
wrote the matrix into file data/dist-size-98.mtx
wrote the matrix into file data/dist-size-99.mtx
n,k,d k=1                   k=2                 k=3
n=5
k1(1,4)(2,2)(3,1)(4,1)(5,0)
k2(1,2)(2,2)(3,0)(4,0)(5,0)
k3(1,2)(2,1)(3,0)(4,0)(5,0)
n=6
k1(1,5)(2,3)(3,2)(4,1)(5,1)(6,0)
k2(1,3)(2,2)(3,1)(4,0)(5,0)(6,0)
k3(1,2)(2,2)(3,0)(4,0)(5,0)(6,0)
k4(1,2)(2,2)(3,0)(4,0)(5,0)(6,0)
n=7
k1(1,6)(2,3)(3,2)(4,1)(5,1)(6,0)(7,0)
k2(1,3)(2,2)(3,1)(4,0)(5,0)(6,0)(7,0)
k3(1,2)(2,2)(3,1)(4,0)(5,0)(6,0)(7,0)
k4(1,2)(2,1)(3,0)(4,0)(5,0)(6,0)(7,0)
k5(1,2)(2,1)(3,0)(4,0)(5,0)(6,0)(7,0)
n=8
k1(1,6)(2,3)(3,2)(4,2)(5,1)(6,1)(7,0)(8,0)
k2(1,4)(2,3)(3,2)(4,1)(5,0)(6,0)(7,0)(8,0)
k3(1,3)(2,2)(3,1)(4,0)(5,0)(6,0)(7,0)(8,0)
k4(1,2)(2,2)(3,0)(4,0)(5,0)(6,0)(7,0)(8,0)
k5(1,2)(2,2)(3,0)(4,0)(5,0)(6,0)(7,0)(8,0)
k6(1,2)(2,1)(3,0)(4,0)(5,0)(6,0)(7,0)(8,0)
n=9
k1(1,7)(2,4)(3,2)(4,2)(5,1)(6,1)(7,1)(8,0)(9,0)
k2(1,4)(2,3)(3,2)(4,2)(5,0)(6,0)(7,0)(8,0)(9,0)
k3(1,4)(2,3)(3,1)(4,1)(5,0)(6,0)(7,0)(8,0)(9,0)
k4(1,3)(2,2)(3,1)(4,0)(5,0)(6,0)(7,0)(8,0)(9,0)
k5(1,2)(2,2)(3,0)(4,0)(5,0)(6,0)(7,0)(8,0)(9,0)
k6(1,2)(2,1)(3,0)(4,0)(5,0)(6,0)(7,0)(8,0)(9,0)
k7(1,2)(2,1)(3,0)(4,0)(5,0)(6,0)(7,0)(8,0)(9,0)
n=10
k1(1,8)(2,5)(3,3)(4,2)(5,2)(6,1)(7,1)(8,1)(9,0)(10,0)
k2(1,6)(2,4)(3,2)(4,2)(5,1)(6,0)(7,0)(8,0)(9,0)(10,0)
k3(1,4)(2,3)(3,2)(4,1)(5,0)(6,0)(7,0)(8,0)(9,0)(10,0)
k4(1,3)(2,2)(3,1)(4,0)(5,0)(6,0)(7,0)(8,0)(9,0)(10,0)
k5(1,3)(2,2)(3,1)(4,0)(5,0)(6,0)(7,0)(8,0)(9,0)(10,0)
k6(1,2)(2,2)(3,0)(4,0)(5,0)(6,0)(7,0)(8,0)(9,0)(10,0)
k7(1,2)(2,1)(3,0)(4,0)(5,0)(6,0)(7,0)(8,0)(9,0)(10,0)
k8(1,1)(2,1)(3,0)(4,0)(5,0)(6,0)(7,0)(8,0)(9,0)(10,0)
n=11
k1(1,7)(2,4)(3,3)(4,2)(5,2)(6,1)(7,1)(8,1)(9,0)(10,0)(11,0)
k2(1,5)(2,3)(3,2)(4,2)(5,1)(6,0)(7,0)(8,0)(9,0)(10,0)(11,0)
k3(1,5)(2,3)(3,2)(4,1)(5,0)(6,0)(7,0)(8,0)(9,0)(10,0)(11,0)
k4(1,4)(2,2)(3,2)(4,1)(5,0)(6,0)(7,0)(8,0)(9,0)(10,0)(11,0)
k5(1,3)(2,2)(3,1)(4,0)(5,0)(6,0)(7,0)(8,0)(9,0)(10,0)(11,0)
k6(1,2)(2,2)(3,1)(4,0)(5,0)(6,0)(7,0)(8,0)(9,0)(10,0)(11,0)
k7(1,2)(2,1)(3,0)(4,0)(5,0)(6,0)(7,0)(8,0)(9,0)(10,0)(11,0)
k8(1,2)(2,1)(3,0)(4,0)(5,0)(6,0)(7,0)(8,0)(9,0)(10,0)(11,0)
k9(1,1)(2,1)(3,0)(4,0)(5,0)(6,0)(7,0)(8,0)(9,0)(10,0)(11,0)
n=12
k1(1,8)(2,4)(3,3)(4,2)(5,1)(6,2)(7,1)(8,1)(9,1)(10,0)(11,0)(12,0)
k2(1,6)(2,4)(3,2)(4,2)(5,1)(6,0)(7,0)(8,0)(9,0)(10,0)(11,0)(12,0)
k3(1,4)(2,3)(3,2)(4,1)(5,0)(6,0)(7,0)(8,0)(9,0)(10,0)(11,0)(12,0)
k4(1,4)(2,2)(3,1)(4,1)(5,0)(6,0)(7,0)(8,0)(9,0)(10,0)(11,0)(12,0)
k5(1,3)(2,3)(3,1)(4,0)(5,0)(6,0)(7,0)(8,0)(9,0)(10,0)(11,0)(12,0)
k6(1,3)(2,2)(3,1)(4,0)(5,0)(6,0)(7,0)(8,0)(9,0)(10,0)(11,0)(12,0)
k7(1,2)(2,2)(3,0)(4,0)(5,0)(6,0)(7,0)(8,0)(9,0)(10,0)(11,0)(12,0)
k8(1,2)(2,1)(3,0)(4,0)(5,0)(6,0)(7,0)(8,0)(9,0)(10,0)(11,0)(12,0)
k9(1,2)(2,1)(3,0)(4,0)(5,0)(6,0)(7,0)(8,0)(9,0)(10,0)(11,0)(12,0)
k10(1,1)(2,0)(3,0)(4,0)(5,0)(6,0)(7,0)(8,0)(9,0)(10,0)(11,0)(12,0)
n=13
k1(1,8)(2,5)(3,4)(4,2)(5,2)(6,1)(7,1)(8,1)(9,1)(10,1)(11,0)(12,0)(13,0)
k2(1,6)(2,4)(3,2)(4,2)(5,1)(6,1)(7,0)(8,0)(9,0)(10,0)(11,0)(12,0)(13,0)
k3(1,5)(2,4)(3,2)(4,1)(5,1)(6,0)(7,0)(8,0)(9,0)(10,0)(11,0)(12,0)(13,0)
k4(1,4)(2,3)(3,2)(4,1)(5,0)(6,0)(7,0)(8,0)(9,0)(10,0)(11,0)(12,0)(13,0)
k5(1,3)(2,2)(3,2)(4,1)(5,0)(6,0)(7,0)(8,0)(9,0)(10,0)(11,0)(12,0)(13,0)
k6(1,3)(2,3)(3,1)(4,0)(5,0)(6,0)(7,0)(8,0)(9,0)(10,0)(11,0)(12,0)(13,0)
k7(1,2)(2,2)(3,1)(4,0)(5,0)(6,0)(7,0)(8,0)(9,0)(10,0)(11,0)(12,0)(13,0)
k8(1,2)(2,1)(3,0)(4,0)(5,0)(6,0)(7,0)(8,0)(9,0)(10,0)(11,0)(12,0)(13,0)
k9(1,2)(2,1)(3,0)(4,0)(5,0)(6,0)(7,0)(8,0)(9,0)(10,0)(11,0)(12,0)(13,0)
k10(1,2)(2,0)(3,0)(4,0)(5,0)(6,0)(7,0)(8,0)(9,0)(10,0)(11,0)(12,0)(13,0)
k11(1,1)(2,0)(3,0)(4,0)(5,0)(6,0)(7,0)(8,0)(9,0)(10,0)(11,0)(12,0)(13,0)
n=14
k1(1,8)(2,5)(3,3)(4,2)(5,2)(6,1)(7,1)(8,1)(9,1)(10,1)(11,0)(12,0)(13,0)(14,0)
k2(1,6)(2,5)(3,3)(4,2)(5,1)(6,1)(7,0)(8,0)(9,0)(10,0)(11,0)(12,0)(13,0)(14,0)
k3(1,6)(2,4)(3,2)(4,1)(5,1)(6,0)(7,0)(8,0)(9,0)(10,0)(11,0)(12,0)(13,0)(14,0)
k4(1,4)(2,2)(3,2)(4,2)(5,1)(6,0)(7,0)(8,0)(9,0)(10,0)(11,0)(12,0)(13,0)(14,0)
k5(1,4)(2,3)(3,2)(4,1)(5,1)(6,0)(7,0)(8,0)(9,0)(10,0)(11,0)(12,0)(13,0)(14,0)
k6(1,3)(2,3)(3,1)(4,1)(5,0)(6,0)(7,0)(8,0)(9,0)(10,0)(11,0)(12,0)(13,0)(14,0)
k7(1,3)(2,3)(3,1)(4,0)(5,0)(6,0)(7,0)(8,0)(9,0)(10,0)(11,0)(12,0)(13,0)(14,0)
k8(1,3)(2,2)(3,1)(4,0)(5,0)(6,0)(7,0)(8,0)(9,0)(10,0)(11,0)(12,0)(13,0)(14,0)
k9(1,2)(2,1)(3,0)(4,0)(5,0)(6,0)(7,0)(8,0)(9,0)(10,0)(11,0)(12,0)(13,0)(14,0)
k10(1,2)(2,1)(3,0)(4,0)(5,0)(6,0)(7,0)(8,0)(9,0)(10,0)(11,0)(12,0)(13,0)(14,0)
k11(1,2)(2,1)(3,0)(4,0)(5,0)(6,0)(7,0)(8,0)(9,0)(10,0)(11,0)(12,0)(13,0)(14,0)
k12(1,1)(2,0)(3,0)(4,0)(5,0)(6,0)(7,0)(8,0)(9,0)(10,0)(11,0)(12,0)(13,0)(14,0)
n=15
k1(1,9)(2,5)(3,4)(4,3)(5,2)(6,2)(7,1)(8,1)(9,1)(10,1)(11,0)(12,0)(13,0)(14,0)(15,0)
k2(1,8)(2,5)(3,3)(4,2)(5,1)(6,1)(7,0)(8,0)(9,0)(10,0)(11,0)(12,0)(13,0)(14,0)(15,0)
k3(1,6)(2,4)(3,3)(4,2)(5,1)(6,1)(7,0)(8,0)(9,0)(10,0)(11,0)(12,0)(13,0)(14,0)(15,0)
k4(1,5)(2,4)(3,2)(4,2)(5,1)(6,0)(7,0)(8,0)(9,0)(10,0)(11,0)(12,0)(13,0)(14,0)(15,0)
k5(1,5)(2,3)(3,2)(4,1)(5,1)(6,0)(7,0)(8,0)(9,0)(10,0)(11,0)(12,0)(13,0)(14,0)(15,0)
k6(1,4)(2,3)(3,2)(4,1)(5,0)(6,0)(7,0)(8,0)(9,0)(10,0)(11,0)(12,0)(13,0)(14,0)(15,0)
k7(1,3)(2,3)(3,2)(4,0)(5,0)(6,0)(7,0)(8,0)(9,0)(10,0)(11,0)(12,0)(13,0)(14,0)(15,0)
k8(1,3)(2,2)(3,1)(4,0)(5,0)(6,0)(7,0)(8,0)(9,0)(10,0)(11,0)(12,0)(13,0)(14,0)(15,0)
k9(1,2)(2,2)(3,0)(4,0)(5,0)(6,0)(7,0)(8,0)(9,0)(10,0)(11,0)(12,0)(13,0)(14,0)(15,0)
k10(1,2)(2,1)(3,0)(4,0)(5,0)(6,0)(7,0)(8,0)(9,0)(10,0)(11,0)(12,0)(13,0)(14,0)(15,0)
k11(1,2)(2,1)(3,0)(4,0)(5,0)(6,0)(7,0)(8,0)(9,0)(10,0)(11,0)(12,0)(13,0)(14,0)(15,0)
k12(1,1)(2,1)(3,0)(4,0)(5,0)(6,0)(7,0)(8,0)(9,0)(10,0)(11,0)(12,0)(13,0)(14,0)(15,0)
k13(1,1)(2,0)(3,0)(4,0)(5,0)(6,0)(7,0)(8,0)(9,0)(10,0)(11,0)(12,0)(13,0)(14,0)(15,0)
n=16
k1(1,10)(2,5)(3,4)(4,3)(5,2)(6,1)(7,1)(8,1)(9,1)(10,1)(11,0)(12,0)(13,0)(14,0)(15,0)(16,0)
k2(1,7)(2,5)(3,3)(4,2)(5,2)(6,1)(7,1)(8,1)(9,0)(10,0)(11,0)(12,0)(13,0)(14,0)(15,0)(16,0)
k3(1,6)(2,4)(3,3)(4,2)(5,1)(6,1)(7,1)(8,0)(9,0)(10,0)(11,0)(12,0)(13,0)(14,0)(15,0)(16,0)
k4(1,6)(2,4)(3,3)(4,2)(5,1)(6,0)(7,0)(8,0)(9,0)(10,0)(11,0)(12,0)(13,0)(14,0)(15,0)(16,0)
k5(1,5)(2,3)(3,2)(4,1)(5,1)(6,0)(7,0)(8,0)(9,0)(10,0)(11,0)(12,0)(13,0)(14,0)(15,0)(16,0)
k6(1,4)(2,3)(3,2)(4,1)(5,0)(6,0)(7,0)(8,0)(9,0)(10,0)(11,0)(12,0)(13,0)(14,0)(15,0)(16,0)
k7(1,3)(2,2)(3,1)(4,0)(5,0)(6,0)(7,0)(8,0)(9,0)(10,0)(11,0)(12,0)(13,0)(14,0)(15,0)(16,0)
k8(1,3)(2,2)(3,1)(4,0)(5,0)(6,0)(7,0)(8,0)(9,0)(10,0)(11,0)(12,0)(13,0)(14,0)(15,0)(16,0)
k9(1,3)(2,2)(3,1)(4,0)(5,0)(6,0)(7,0)(8,0)(9,0)(10,0)(11,0)(12,0)(13,0)(14,0)(15,0)(16,0)
k10(1,2)(2,2)(3,1)(4,0)(5,0)(6,0)(7,0)(8,0)(9,0)(10,0)(11,0)(12,0)(13,0)(14,0)(15,0)(16,0)
k11(1,2)(2,1)(3,0)(4,0)(5,0)(6,0)(7,0)(8,0)(9,0)(10,0)(11,0)(12,0)(13,0)(14,0)(15,0)(16,0)
k12(1,2)(2,1)(3,0)(4,0)(5,0)(6,0)(7,0)(8,0)(9,0)(10,0)(11,0)(12,0)(13,0)(14,0)(15,0)(16,0)
k13(1,2)(2,1)(3,0)(4,0)(5,0)(6,0)(7,0)(8,0)(9,0)(10,0)(11,0)(12,0)(13,0)(14,0)(15,0)(16,0)
k14(1,1)(2,4)(3,3)(4,1)(5,1)(6,1)(7,0)(8,0)(9,0)(10,0)(11,0)(12,0)(13,0)(14,0)(15,0)(16,0)
n=17
k1(1,11)(2,6)(3,5)(4,3)(5,2)(6,2)(7,2)(8,1)(9,1)(10,1)(11,0)(12,0)(13,0)(14,0)(15,0)(16,0)(17,0)
k2(1,8)(2,5)(3,3)(4,2)(5,2)(6,2)(7,1)(8,1)(9,0)(10,0)(11,0)(12,0)(13,0)(14,0)(15,0)(16,0)(17,0)
k3(1,7)(2,4)(3,3)(4,2)(5,2)(6,1)(7,0)(8,0)(9,0)(10,0)(11,0)(12,0)(13,0)(14,0)(15,0)(16,0)(17,0)
k4(1,6)(2,4)(3,2)(4,2)(5,1)(6,1)(7,0)(8,0)(9,0)(10,0)(11,0)(12,0)(13,0)(14,0)(15,0)(16,0)(17,0)
k5(1,5)(2,3)(3,2)(4,2)(5,1)(6,0)(7,0)(8,0)(9,0)(10,0)(11,0)(12,0)(13,0)(14,0)(15,0)(16,0)(17,0)
k6(1,5)(2,3)(3,2)(4,1)(5,0)(6,0)(7,0)(8,0)(9,0)(10,0)(11,0)(12,0)(13,0)(14,0)(15,0)(16,0)(17,0)
k7(1,4)(2,3)(3,2)(4,1)(5,0)(6,0)(7,0)(8,0)(9,0)(10,0)(11,0)(12,0)(13,0)(14,0)(15,0)(16,0)(17,0)
k8(1,4)(2,2)(3,1)(4,4)(5,3)(6,1)(7,1)(8,1)(9,0)(10,0)(11,0)(12,0)(13,0)(14,0)(15,0)(16,0)(17,0)
k9(1,3)(2,2)(3,1)(4,4)(5,2)(6,1)(7,0)(8,0)(9,0)(10,0)(11,0)(12,0)(13,0)(14,0)(15,0)(16,0)(17,0)
k10(1,3)(2,2)(3,1)(4,2)(5,2)(6,0)(7,0)(8,0)(9,0)(10,0)(11,0)(12,0)(13,0)(14,0)(15,0)(16,0)(17,0)
k11(1,2)(2,2)(3,0)(4,2)(5,1)(6,0)(7,0)(8,0)(9,0)(10,0)(11,0)(12,0)(13,0)(14,0)(15,0)(16,0)(17,0)
k12(1,2)(2,1)(3,0)(4,1)(5,1)(6,0)(7,0)(8,0)(9,0)(10,0)(11,0)(12,0)(13,0)(14,0)(15,0)(16,0)(17,0)
k13(1,2)(2,1)(3,0)(4,2)(5,0)(6,0)(7,0)(8,0)(9,0)(10,0)(11,0)(12,0)(13,0)(14,0)(15,0)(16,0)(17,0)
k14(1,2)(2,1)(3,3)(4,1)(5,1)(6,1)(7,0)(8,0)(9,0)(10,0)(11,0)(12,0)(13,0)(14,0)(15,0)(16,0)(17,0)
k15(1,1)(2,4)(3,2)(4,1)(5,0)(6,0)(7,0)(8,0)(9,0)(10,0)(11,0)(12,0)(13,0)(14,0)(15,0)(16,0)(17,0)
n=18
k1(1,11)(2,7)(3,4)(4,4)(5,2)(6,2)(7,1)(8,1)(9,1)(10,1.00249)(11,0)(12,0)(13,0)(14,0)(15,0)(16,0)(17,0)(18,0)
k2(1,8)(2,6)(3,4)(4,3)(5,2)(6,2)(7,1)(8,1)(9,0)(10,0)(11,0)(12,0)(13,0)(14,0)(15,0)(16,0)(17,0)(18,0)
k3(1,7)(2,7)(3,3)(4,3)(5,2)(6,1)(7,0)(8,0)(9,0)(10,0)(11,0)(12,0)(13,0)(14,0)(15,0)(16,0)(17,0)(18,0)
k4(1,7)(2,4)(3,3)(4,2)(5,2)(6,1)(7,0)(8,0)(9,0)(10,0)(11,0)(12,0)(13,0)(14,0)(15,0)(16,0)(17,0)(18,0)
k5(1,5)(2,4)(3,3)(4,1)(5,1)(6,1)(7,0)(8,0)(9,0)(10,0)(11,0)(12,0)(13,0)(14,0)(15,0)(16,0)(17,0)(18,0)
k6(1,5)(2,4)(3,2)(4,1)(5,1)(6,0)(7,0)(8,0)(9,0)(10,0)(11,0)(12,0)(13,0)(14,0)(15,0)(16,0)(17,0)(18,0)
k7(1,4)(2,4)(3,2)(4,1)(5,0)(6,0)(7,0)(8,0)(9,0)(10,0)(11,0)(12,0)(13,0)(14,0)(15,0)(16,0)(17,0)(18,0)
k8(1,4)(2,3)(3,2)(4,1)(5,3)(6,1)(7,1)(8,1)(9,0)(10,0)(11,0)(12,0)(13,0)(14,0)(15,0)(16,0)(17,0)(18,0)
k9(1,3)(2,2)(3,1)(4,1)(5,2)(6,1)(7,0)(8,0)(9,0)(10,0)(11,0)(12,0)(13,0)(14,0)(15,0)(16,0)(17,0)(18,0)
k10(1,3)(2,2)(3,1)(4,2)(5,2)(6,0)(7,0)(8,0)(9,0)(10,0)(11,0)(12,0)(13,0)(14,0)(15,0)(16,0)(17,0)(18,0)
k11(1,3)(2,2)(3,1)(4,2)(5,1)(6,0)(7,0)(8,0)(9,0)(10,0)(11,0)(12,0)(13,0)(14,0)(15,0)(16,0)(17,0)(18,0)
k12(1,2)(2,2)(3,0)(4,1)(5,1)(6,0)(7,0)(8,0)(9,0)(10,0)(11,0)(12,0)(13,0)(14,0)(15,0)(16,0)(17,0)(18,-nan)
k13(1,2)(2,1)(3,0)(4,2)(5,0)(6,0)(7,0)(8,0)(9,0)(10,0)(11,0)(12,0)(13,0)(14,0)(15,0)(16,0)(17,0)(18,0)
k14(1,2)(2,4)(3,3)(4,1)(5,1)(6,1)(7,0)(8,0)(9,0)(10,0)(11,0)(12,0)(13,0)(14,0)(15,0)(16,0)(17,0)(18,0)
k15(1,1)(2,4)(3,2)(4,1)(5,0)(6,0)(7,0)(8,0)(9,0)(10,0)(11,0)(12,0)(13,0)(14,0)(15,0)(16,0)(17,0)(18,0)
k16(1,1)(2,2)(3,2)(4,2)(5,2)(6,1)(7,1)(8,1)(9,0)(10,0)(11,0)(12,0)(13,0)(14,0)(15,0)(16,0)(17,0)(18,0)
n=19
k1(1,10)(2,7)(3,5)(4,4)(5,3)(6,2)(7,2)(8,1)(9,1)(10,1)(11,1)(12,0)(13,0)(14,0)(15,0)(16,0)(17,0)(18,0)(19,0)
k2(1,10)(2,7)(3,4)(4,3)(5,2)(6,2)(7,1)(8,1)(9,0)(10,0)(11,0)(12,0)(13,0)(14,0)(15,0)(16,0)(17,0)(18,0)(19,0)
k3(1,8)(2,5)(3,3)(4,2)(5,2)(6,1)(7,1)(8,0)(9,0)(10,0)(11,0)(12,0)(13,0)(14,0)(15,0)(16,0)(17,0)(18,0)(19,0)
k4(1,6)(2,5)(3,3)(4,2)(5,2)(6,1)(7,1)(8,0)(9,0)(10,0)(11,0)(12,0)(13,0)(14,0)(15,0)(16,0)(17,0)(18,0)(19,0)
k5(1,6)(2,3)(3,3)(4,2)(5,2)(6,1)(7,0)(8,0)(9,0)(10,0)(11,0)(12,0)(13,0)(14,0)(15,0)(16,0)(17,0)(18,0)(19,0)
k6(1,5)(2,4)(3,2)(4,2)(5,1)(6,0)(7,0)(8,0)(9,0)(10,0)(11,0)(12,0)(13,0)(14,0)(15,0)(16,0)(17,0)(18,0)(19,0)
k7(1,5)(2,3)(3,2)(4,1)(5,0)(6,0)(7,0)(8,0)(9,0)(10,0)(11,0)(12,0)(13,0)(14,0)(15,0)(16,0)(17,0)(18,0)(19,0)
k8(1,4)(2,3)(3,2)(4,1)(5,3)(6,1)(7,1)(8,1)(9,0)(10,0)(11,0)(12,0)(13,0)(14,0)(15,0)(16,0)(17,0)(18,0)(19,0)
k9(1,3)(2,3)(3,1)(4,1)(5,2)(6,1)(7,0)(8,0)(9,0)(10,0)(11,0)(12,0)(13,0)(14,0)(15,0)(16,0)(17,0)(18,0)(19,0)
k10(1,3)(2,2)(3,1)(4,2)(5,2)(6,0)(7,0)(8,0)(9,0)(10,0)(11,0)(12,0)(13,0)(14,0)(15,0)(16,0)(17,0)(18,0)(19,0)
k11(1,3)(2,2)(3,1)(4,2)(5,1)(6,0)(7,0)(8,0)(9,0)(10,0)(11,0)(12,0)(13,0)(14,0)(15,0)(16,0)(17,0)(18,0)(19,0)
k12(1,2)(2,1)(3,1)(4,1)(5,1)(6,0)(7,0)(8,0)(9,0)(10,0)(11,0)(12,0)(13,0)(14,0)(15,0)(16,0)(17,0)(18,-nan)(19,0)
k13(1,2)(2,2)(3,0)(4,2)(5,0)(6,0)(7,0)(8,0)(9,0)(10,0)(11,0)(12,0)(13,0)(14,0)(15,0)(16,0)(17,0)(18,0)(19,0)
k14(1,2)(2,1)(3,3)(4,1)(5,1)(6,1)(7,0)(8,0)(9,0)(10,0)(11,0)(12,0)(13,0)(14,0)(15,0)(16,0)(17,0)(18,0)(19,0)
k15(1,2)(2,4)(3,2)(4,1)(5,0)(6,0)(7,0)(8,0)(9,0)(10,0)(11,0)(12,0)(13,0)(14,0)(15,0)(16,0)(17,0)(18,0)(19,0)
k16(1,1)(2,2)(3,2)(4,2)(5,2)(6,1)(7,1)(8,1)(9,0)(10,0)(11,0)(12,0)(13,0)(14,0)(15,0)(16,0)(17,0)(18,0)(19,0)
k17(1,1)(2,2)(3,1)(4,2)(5,2)(6,0)(7,0)(8,0)(9,0)(10,0)(11,0)(12,0)(13,0)(14,0)(15,0)(16,0)(17,0)(18,0)(19,0)
n=20
k1(1,10)(2,6)(3,0)(4,0)(5,2)(6,1)(7,0)(8,0)(9,0)(10,0)(11,0)(12,0)(13,0)(14,0)(15,0)(16,0)(17,0)(18,0)(19,0)(20,0)
k2(1,7)(2,5)(3,4)(4,1)(5,0)(6,1)(7,1)(8,0)(9,1)(10,0)(11,0)(12,0)(13,0)(14,0)(15,0)(16,0)(17,0)(18,0)(19,0)(20,0)
k3(1,4)(2,5)(3,1)(4,2)(5,2)(6,0)(7,1)(8,0)(9,0)(10,0)(11,0)(12,0)(13,0)(14,0)(15,0)(16,0)(17,0)(18,0)(19,0)(20,0)
k4(1,6)(2,5)(3,1)(4,2)(5,0)(6,0)(7,0)(8,0)(9,0)(10,0)(11,0)(12,0)(13,0)(14,0)(15,0)(16,0)(17,0)(18,0)(19,0)(20,0)
k5(1,3)(2,5)(3,3)(4,1)(5,0)(6,0)(7,0)(8,0)(9,0)(10,0)(11,0)(12,0)(13,0)(14,0)(15,0)(16,0)(17,0)(18,0)(19,0)(20,0)
k6(1,4)(2,2)(3,2)(4,1)(5,1)(6,0)(7,0)(8,0)(9,0)(10,0)(11,0)(12,0)(13,0)(14,0)(15,0)(16,0)(17,0)(18,0)(19,0)(20,0)
k7(1,5)(2,3)(3,1)(4,1)(5,0)(6,0)(7,0)(8,0)(9,0)(10,0)(11,0)(12,0)(13,0)(14,0)(15,0)(16,0)(17,0)(18,0)(19,0)(20,0)
k8(1,4)(2,3)(3,0)(4,1)(5,0)(6,0)(7,0)(8,0)(9,0)(10,0)(11,0)(12,0)(13,0)(14,0)(15,0)(16,0)(17,0)(18,0)(19,0)(20,0)
k9(1,3)(2,2)(3,2)(4,0)(5,0)(6,0)(7,0)(8,0)(9,0)(10,0)(11,0)(12,0)(13,0)(14,0)(15,0)(16,0)(17,0)(18,0)(19,0)(20,0)
k10(1,4)(2,3)(3,1)(4,0)(5,0)(6,0)(7,0)(8,0)(9,0)(10,0)(11,0)(12,0)(13,0)(14,0)(15,0)(16,0)(17,0)(18,0)(19,0)(20,0)
k11(1,3)(2,2)(3,1)(4,0)(5,0)(6,0)(7,0)(8,0)(9,0)(10,0)(11,0)(12,0)(13,0)(14,0)(15,0)(16,0)(17,0)(18,0)(19,0)(20,0)
k12(1,3)(2,2)(3,0)(4,0)(5,0)(6,0)(7,0)(8,0)(9,0)(10,0)(11,0)(12,0)(13,0)(14,0)(15,0)(16,0)(17,0)(18,0)(19,0)(20,0)
k13(1,2)(2,1)(3,0)(4,0)(5,0)(6,0)(7,0)(8,0)(9,0)(10,0)(11,0)(12,0)(13,0)(14,0)(15,0)(16,0)(17,0)(18,0)(19,0)(20,0)
k14(1,1)(2,1)(3,0)(4,0)(5,0)(6,0)(7,0)(8,0)(9,0)(10,0)(11,0)(12,0)(13,0)(14,0)(15,0)(16,0)(17,0)(18,0)(19,0)(20,0)
k15(1,2)(2,0)(3,0)(4,0)(5,0)(6,0)(7,0)(8,0)(9,0)(10,0)(11,0)(12,0)(13,0)(14,0)(15,0)(16,0)(17,0)(18,0)(19,0)(20,0)
k16(1,2)(2,0)(3,0)(4,0)(5,0)(6,0)(7,0)(8,0)(9,0)(10,0)(11,0)(12,0)(13,0)(14,0)(15,0)(16,0)(17,0)(18,0)(19,0)(20,0)
k17(1,1)(2,0)(3,0)(4,0)(5,0)(6,0)(7,0)(8,0)(9,0)(10,0)(11,0)(12,0)(13,0)(14,0)(15,0)(16,0)(17,0)(18,0)(19,0)(20,0)
k18(1,1)(2,0)(3,0)(4,0)(5,0)(6,0)(7,0)(8,0)(9,0)(10,0)(11,0)(12,0)(13,0)(14,0)(15,0)(16,0)(17,0)(18,0)(19,0)(20,0)
n=21
k1(1,10)(2,5)(3,6)(4,2)(5,2)(6,1)(7,1)(8,0)(9,0)(10,0)(11,0)(12,0)(13,0)(14,0)(15,0)(16,0)(17,0)(18,0)(19,0)(20,0)(21,0)
k2(1,6)(2,6)(3,4)(4,2)(5,1)(6,1)(7,1)(8,0)(9,1)(10,0)(11,0)(12,0)(13,0)(14,0)(15,0)(16,0)(17,0)(18,0)(19,0)(20,0)(21,0)
k3(1,8)(2,6)(3,3)(4,3)(5,2)(6,0)(7,1)(8,0)(9,0)(10,0)(11,0)(12,0)(13,0)(14,0)(15,0)(16,0)(17,0)(18,0)(19,0)(20,0)(21,0)
k4(1,6)(2,2)(3,2)(4,2)(5,1)(6,0)(7,0)(8,0)(9,0)(10,0)(11,0)(12,0)(13,0)(14,0)(15,0)(16,0)(17,0)(18,0)(19,0)(20,0)(21,0)
k5(1,7)(2,5)(3,3)(4,3)(5,0)(6,0)(7,0)(8,0)(9,0)(10,0)(11,0)(12,0)(13,0)(14,0)(15,0)(16,0)(17,0)(18,0)(19,0)(20,0)(21,0)
k6(1,5)(2,3)(3,1)(4,2)(5,1)(6,0)(7,0)(8,0)(9,0)(10,0)(11,0)(12,0)(13,0)(14,0)(15,0)(16,0)(17,0)(18,0)(19,0)(20,0)(21,0)
k7(1,5)(2,3)(3,1)(4,1)(5,1)(6,1)(7,0)(8,0)(9,0)(10,0)(11,0)(12,0)(13,0)(14,0)(15,0)(16,0)(17,0)(18,0)(19,0)(20,0)(21,0)
k8(1,4)(2,3)(3,1)(4,1)(5,0)(6,0)(7,0)(8,0)(9,0)(10,0)(11,0)(12,0)(13,0)(14,0)(15,0)(16,0)(17,0)(18,0)(19,0)(20,0)(21,0)
k9(1,4)(2,2)(3,1)(4,1)(5,0)(6,0)(7,0)(8,0)(9,0)(10,0)(11,0)(12,0)(13,0)(14,0)(15,0)(16,0)(17,0)(18,0)(19,0)(20,0)(21,0)
k10(1,3)(2,2)(3,1)(4,0)(5,0)(6,0)(7,0)(8,0)(9,0)(10,0)(11,0)(12,0)(13,0)(14,0)(15,0)(16,0)(17,0)(18,0)(19,0)(20,0)(21,0)
k11(1,3)(2,2)(3,1)(4,0)(5,0)(6,0)(7,0)(8,0)(9,0)(10,0)(11,0)(12,0)(13,0)(14,0)(15,0)(16,0)(17,0)(18,0)(19,0)(20,0)(21,0)
k12(1,3)(2,2)(3,1)(4,0)(5,0)(6,0)(7,0)(8,0)(9,0)(10,0)(11,0)(12,0)(13,0)(14,0)(15,0)(16,0)(17,0)(18,0)(19,0)(20,0)(21,0)
k13(1,2)(2,1)(3,0)(4,0)(5,0)(6,0)(7,0)(8,0)(9,0)(10,0)(11,0)(12,0)(13,0)(14,0)(15,0)(16,0)(17,0)(18,0)(19,0)(20,0)(21,0)
k14(1,2)(2,1)(3,1)(4,0)(5,0)(6,0)(7,0)(8,0)(9,0)(10,0)(11,0)(12,0)(13,0)(14,0)(15,0)(16,0)(17,0)(18,0)(19,0)(20,0)(21,0)
k15(1,2)(2,1)(3,0)(4,0)(5,0)(6,0)(7,0)(8,0)(9,0)(10,0)(11,0)(12,0)(13,0)(14,0)(15,0)(16,0)(17,0)(18,0)(19,0)(20,0)(21,0)
k16(1,1)(2,0)(3,0)(4,0)(5,0)(6,0)(7,0)(8,0)(9,0)(10,0)(11,0)(12,0)(13,0)(14,0)(15,0)(16,0)(17,0)(18,0)(19,0)(20,0)(21,0)
k17(1,1)(2,0)(3,0)(4,0)(5,0)(6,0)(7,0)(8,0)(9,0)(10,0)(11,0)(12,0)(13,0)(14,0)(15,0)(16,0)(17,0)(18,0)(19,0)(20,0)(21,0)
k18(1,1)(2,0)(3,0)(4,0)(5,0)(6,0)(7,0)(8,0)(9,0)(10,0)(11,0)(12,0)(13,0)(14,0)(15,0)(16,0)(17,0)(18,0)(19,0)(20,0)(21,0)
k19(1,1)(2,0)(3,0)(4,0)(5,0)(6,0)(7,0)(8,0)(9,0)(10,0)(11,0)(12,0)(13,0)(14,0)(15,0)(16,0)(17,0)(18,0)(19,0)(20,0)(21,0)
n=22
k1(1,10)(2,5)(3,6)(4,3)(5,2)(6,1)(7,1)(8,0)(9,1)(10,0)(11,0)(12,0)(13,0)(14,0)(15,0)(16,0)(17,0)(18,0)(19,0)(20,0)(21,0)(22,0)
k2(1,7)(2,6)(3,5)(4,2)(5,1)(6,2)(7,1)(8,1)(9,1)(10,0)(11,0)(12,0)(13,0)(14,0)(15,0)(16,0)(17,0)(18,0)(19,0)(20,0)(21,0)(22,0)
k3(1,5)(2,5)(3,3)(4,2)(5,2)(6,1)(7,1)(8,1)(9,1)(10,0)(11,0)(12,0)(13,0)(14,0)(15,0)(16,0)(17,0)(18,0)(19,0)(20,0)(21,0)(22,0)
k4(1,5)(2,4)(3,3)(4,2)(5,2)(6,1)(7,0)(8,0)(9,0)(10,0)(11,0)(12,0)(13,0)(14,0)(15,0)(16,0)(17,0)(18,0)(19,0)(20,0)(21,0)(22,0)
k5(1,5)(2,3)(3,2)(4,1)(5,1)(6,1)(7,0)(8,0)(9,0)(10,0)(11,0)(12,0)(13,0)(14,0)(15,0)(16,0)(17,0)(18,0)(19,0)(20,0)(21,0)(22,0)
k6(1,6)(2,4)(3,2)(4,2)(5,1)(6,0)(7,0)(8,0)(9,0)(10,0)(11,0)(12,0)(13,0)(14,0)(15,0)(16,0)(17,0)(18,0)(19,0)(20,0)(21,0)(22,0)
k7(1,4)(2,4)(3,2)(4,1)(5,1)(6,1)(7,0)(8,0)(9,0)(10,0)(11,0)(12,0)(13,0)(14,0)(15,0)(16,0)(17,0)(18,0)(19,0)(20,0)(21,0)(22,0)
k8(1,3)(2,2)(3,2)(4,1)(5,0)(6,0)(7,0)(8,0)(9,0)(10,0)(11,0)(12,0)(13,0)(14,0)(15,0)(16,0)(17,0)(18,0)(19,0)(20,0)(21,0)(22,0)
k9(1,3)(2,2)(3,1)(4,1)(5,0)(6,0)(7,0)(8,0)(9,0)(10,0)(11,0)(12,0)(13,0)(14,0)(15,0)(16,0)(17,0)(18,0)(19,0)(20,0)(21,0)(22,0)
k10(1,3)(2,3)(3,1)(4,1)(5,0)(6,0)(7,0)(8,0)(9,0)(10,0)(11,0)(12,0)(13,0)(14,0)(15,0)(16,0)(17,0)(18,0)(19,0)(20,0)(21,0)(22,0)
k11(1,4)(2,1)(3,1)(4,1)(5,0)(6,0)(7,0)(8,0)(9,0)(10,0)(11,0)(12,0)(13,0)(14,0)(15,0)(16,0)(17,0)(18,0)(19,0)(20,0)(21,0)(22,0)
k12(1,2)(2,2)(3,1)(4,0)(5,0)(6,0)(7,0)(8,0)(9,0)(10,0)(11,0)(12,0)(13,0)(14,0)(15,0)(16,0)(17,0)(18,0)(19,0)(20,0)(21,0)(22,0)
k13(1,3)(2,2)(3,0)(4,0)(5,0)(6,0)(7,0)(8,0)(9,0)(10,0)(11,0)(12,0)(13,0)(14,0)(15,0)(16,0)(17,0)(18,0)(19,0)(20,0)(21,0)(22,0)
k14(1,2)(2,1)(3,1)(4,0)(5,0)(6,0)(7,0)(8,0)(9,0)(10,0)(11,0)(12,0)(13,0)(14,0)(15,0)(16,0)(17,0)(18,0)(19,0)(20,0)(21,0)(22,0)
k15(1,2)(2,1)(3,0)(4,0)(5,0)(6,0)(7,0)(8,0)(9,0)(10,0)(11,0)(12,0)(13,0)(14,0)(15,0)(16,0)(17,0)(18,0)(19,0)(20,0)(21,0)(22,0)
k16(1,2)(2,0)(3,0)(4,0)(5,0)(6,0)(7,0)(8,0)(9,0)(10,0)(11,0)(12,0)(13,0)(14,0)(15,0)(16,0)(17,0)(18,0)(19,0)(20,0)(21,0)(22,0)
k17(1,2)(2,1)(3,0)(4,0)(5,0)(6,0)(7,0)(8,0)(9,0)(10,0)(11,0)(12,0)(13,0)(14,0)(15,0)(16,0)(17,0)(18,0)(19,0)(20,0)(21,0)(22,0)
k18(1,2)(2,0)(3,0)(4,0)(5,0)(6,0)(7,0)(8,0)(9,0)(10,0)(11,0)(12,0)(13,0)(14,0)(15,0)(16,0)(17,0)(18,0)(19,0)(20,0)(21,0)(22,0)
k19(1,1)(2,0)(3,0)(4,0)(5,0)(6,0)(7,0)(8,0)(9,0)(10,0)(11,0)(12,0)(13,0)(14,0)(15,0)(16,0)(17,0)(18,0)(19,0)(20,0)(21,0)(22,0)
k20(1,1)(2,0)(3,0)(4,0)(5,0)(6,0)(7,0)(8,0)(9,0)(10,0)(11,0)(12,0)(13,0)(14,0)(15,0)(16,0)(17,0)(18,0)(19,0)(20,0)(21,0)(22,0)
n=23
k1(1,10)(2,7)(3,6)(4,4)(5,2)(6,2)(7,2)(8,0)(9,1)(10,0)(11,0)(12,0)(13,0)(14,0)(15,0)(16,0)(17,0)(18,0)(19,0)(20,0)(21,0)(22,0)(23,0)
k2(1,8)(2,7)(3,5)(4,2)(5,1)(6,2)(7,1)(8,1)(9,1)(10,1)(11,0)(12,0)(13,0)(14,0)(15,0)(16,0)(17,0)(18,0)(19,0)(20,0)(21,0)(22,0)(23,0)
k3(1,7)(2,5)(3,4)(4,2)(5,1)(6,1)(7,1)(8,1)(9,1)(10,0)(11,0)(12,0)(13,0)(14,0)(15,0)(16,0)(17,0)(18,0)(19,0)(20,0)(21,0)(22,0)(23,0)
k4(1,6)(2,5)(3,3)(4,2)(5,2)(6,2)(7,0)(8,0)(9,0)(10,0)(11,0)(12,0)(13,0)(14,0)(15,0)(16,0)(17,0)(18,0)(19,0)(20,0)(21,0)(22,0)(23,0)
k5(1,8)(2,5)(3,2)(4,2)(5,1)(6,1)(7,1)(8,0)(9,0)(10,0)(11,0)(12,0)(13,0)(14,0)(15,0)(16,0)(17,0)(18,0)(19,0)(20,0)(21,0)(22,0)(23,0)
k6(1,5)(2,3)(3,2)(4,2)(5,1)(6,0)(7,0)(8,0)(9,0)(10,0)(11,0)(12,0)(13,0)(14,0)(15,0)(16,0)(17,0)(18,0)(19,0)(20,0)(21,0)(22,0)(23,0)
k7(1,5)(2,4)(3,2)(4,1)(5,1)(6,1)(7,0)(8,0)(9,0)(10,0)(11,0)(12,0)(13,0)(14,0)(15,0)(16,0)(17,0)(18,0)(19,0)(20,0)(21,0)(22,0)(23,0)
k8(1,5)(2,3)(3,2)(4,2)(5,0)(6,0)(7,0)(8,0)(9,0)(10,0)(11,0)(12,0)(13,0)(14,0)(15,0)(16,0)(17,0)(18,0)(19,0)(20,0)(21,0)(22,0)(23,0)
k9(1,4)(2,3)(3,1)(4,1)(5,0)(6,0)(7,0)(8,0)(9,0)(10,0)(11,0)(12,0)(13,0)(14,0)(15,0)(16,0)(17,0)(18,0)(19,0)(20,0)(21,0)(22,0)(23,0)
k10(1,4)(2,2)(3,2)(4,1)(5,0)(6,0)(7,0)(8,0)(9,0)(10,0)(11,0)(12,0)(13,0)(14,0)(15,0)(16,0)(17,0)(18,0)(19,0)(20,0)(21,0)(22,0)(23,0)
k11(1,3)(2,2)(3,1)(4,1)(5,0)(6,0)(7,0)(8,0)(9,0)(10,0)(11,0)(12,0)(13,0)(14,0)(15,0)(16,0)(17,0)(18,0)(19,0)(20,0)(21,0)(22,0)(23,0)
k12(1,3)(2,1)(3,1)(4,0)(5,0)(6,0)(7,0)(8,0)(9,0)(10,0)(11,0)(12,0)(13,0)(14,0)(15,0)(16,0)(17,0)(18,0)(19,0)(20,0)(21,0)(22,0)(23,0)
k13(1,3)(2,1)(3,1)(4,0)(5,0)(6,0)(7,0)(8,0)(9,0)(10,0)(11,0)(12,0)(13,0)(14,0)(15,0)(16,0)(17,0)(18,0)(19,0)(20,0)(21,0)(22,0)(23,0)
k14(1,2)(2,2)(3,1)(4,0)(5,0)(6,0)(7,0)(8,0)(9,0)(10,0)(11,0)(12,0)(13,0)(14,0)(15,0)(16,0)(17,0)(18,0)(19,0)(20,0)(21,0)(22,0)(23,0)
k15(1,2)(2,1)(3,0)(4,0)(5,0)(6,0)(7,0)(8,0)(9,0)(10,0)(11,0)(12,0)(13,0)(14,0)(15,0)(16,0)(17,0)(18,0)(19,0)(20,0)(21,0)(22,0)(23,0)
k16(1,2)(2,1)(3,0)(4,0)(5,0)(6,0)(7,0)(8,0)(9,0)(10,0)(11,0)(12,0)(13,0)(14,0)(15,0)(16,0)(17,0)(18,0)(19,0)(20,0)(21,0)(22,0)(23,0)
k17(1,2)(2,1)(3,0)(4,0)(5,0)(6,0)(7,0)(8,0)(9,0)(10,0)(11,0)(12,0)(13,0)(14,0)(15,0)(16,0)(17,0)(18,0)(19,0)(20,0)(21,0)(22,0)(23,0)
k18(1,1)(2,1)(3,0)(4,0)(5,0)(6,0)(7,0)(8,0)(9,0)(10,0)(11,0)(12,0)(13,0)(14,0)(15,0)(16,0)(17,0)(18,0)(19,0)(20,0)(21,0)(22,0)(23,0)
k19(1,2)(2,0)(3,0)(4,0)(5,0)(6,0)(7,0)(8,0)(9,0)(10,0)(11,0)(12,0)(13,0)(14,0)(15,0)(16,0)(17,0)(18,0)(19,0)(20,0)(21,0)(22,0)(23,0)
k20(1,1)(2,0)(3,0)(4,0)(5,0)(6,0)(7,0)(8,0)(9,0)(10,0)(11,0)(12,0)(13,0)(14,0)(15,0)(16,0)(17,0)(18,0)(19,0)(20,0)(21,0)(22,0)(23,0)
k21(1,1)(2,0)(3,0)(4,0)(5,0)(6,0)(7,0)(8,0)(9,0)(10,0)(11,0)(12,0)(13,0)(14,0)(15,0)(16,0)(17,0)(18,0)(19,0)(20,0)(21,0)(22,0)(23,0)
n=24
k1(1,11)(2,7)(3,6)(4,4)(5,2)(6,1)(7,2)(8,0)(9,1)(10,1)(11,0)(12,0)(13,0)(14,0)(15,0)(16,0)(17,0)(18,0)(19,0)(20,0)(21,0)(22,0)(23,0)(24,0)
k2(1,6)(2,6)(3,4)(4,2)(5,1)(6,2)(7,1)(8,1)(9,1)(10,1)(11,0)(12,0)(13,0)(14,0)(15,0)(16,0)(17,0)(18,0)(19,0)(20,0)(21,0)(22,0)(23,0)(24,0)
k3(1,8)(2,5)(3,4)(4,3)(5,1)(6,2)(7,1)(8,1)(9,1)(10,0)(11,0)(12,0)(13,0)(14,0)(15,0)(16,0)(17,0)(18,0)(19,0)(20,0)(21,0)(22,0)(23,0)(24,0)
k4(1,7)(2,2)(3,3)(4,2)(5,2)(6,1)(7,0)(8,0)(9,0)(10,0)(11,0)(12,0)(13,0)(14,0)(15,0)(16,0)(17,0)(18,0)(19,0)(20,0)(21,0)(22,0)(23,0)(24,0)
k5(1,7)(2,4)(3,2)(4,2)(5,2)(6,1)(7,1)(8,0)(9,0)(10,0)(11,0)(12,0)(13,0)(14,0)(15,0)(16,0)(17,0)(18,0)(19,0)(20,0)(21,0)(22,0)(23,0)(24,0)
k6(1,5)(2,4)(3,3)(4,2)(5,1)(6,1)(7,0)(8,0)(9,0)(10,0)(11,0)(12,0)(13,0)(14,0)(15,0)(16,0)(17,0)(18,0)(19,0)(20,0)(21,0)(22,0)(23,0)(24,0)
k7(1,4)(2,4)(3,3)(4,1)(5,1)(6,1)(7,0)(8,0)(9,0)(10,0)(11,0)(12,0)(13,0)(14,0)(15,0)(16,0)(17,0)(18,0)(19,0)(20,0)(21,0)(22,0)(23,0)(24,0)
k8(1,5)(2,4)(3,2)(4,1)(5,0)(6,1)(7,0)(8,0)(9,0)(10,0)(11,0)(12,0)(13,0)(14,0)(15,0)(16,0)(17,0)(18,0)(19,0)(20,0)(21,0)(22,0)(23,0)(24,0)
k9(1,4)(2,3)(3,2)(4,2)(5,0)(6,0)(7,0)(8,0)(9,0)(10,0)(11,0)(12,0)(13,0)(14,0)(15,0)(16,0)(17,0)(18,0)(19,0)(20,0)(21,0)(22,0)(23,0)(24,0)
k10(1,4)(2,2)(3,1)(4,1)(5,0)(6,0)(7,0)(8,0)(9,0)(10,0)(11,0)(12,0)(13,0)(14,0)(15,0)(16,0)(17,0)(18,0)(19,0)(20,0)(21,0)(22,0)(23,0)(24,0)
k11(1,5)(2,2)(3,1)(4,1)(5,0)(6,0)(7,0)(8,0)(9,0)(10,0)(11,0)(12,0)(13,0)(14,0)(15,0)(16,0)(17,0)(18,0)(19,0)(20,0)(21,0)(22,0)(23,0)(24,0)
k12(1,4)(2,1)(3,1)(4,1)(5,0)(6,0)(7,0)(8,0)(9,0)(10,0)(11,0)(12,0)(13,0)(14,0)(15,0)(16,0)(17,0)(18,0)(19,0)(20,0)(21,0)(22,0)(23,0)(24,0)
k13(1,2)(2,1)(3,1)(4,0)(5,0)(6,0)(7,0)(8,0)(9,0)(10,0)(11,0)(12,0)(13,0)(14,0)(15,0)(16,0)(17,0)(18,0)(19,0)(20,0)(21,0)(22,0)(23,0)(24,0)
k14(1,2)(2,2)(3,1)(4,0)(5,0)(6,0)(7,0)(8,0)(9,0)(10,0)(11,0)(12,0)(13,0)(14,0)(15,0)(16,0)(17,0)(18,0)(19,0)(20,0)(21,0)(22,0)(23,0)(24,0)
k15(1,3)(2,1)(3,1)(4,0)(5,0)(6,0)(7,0)(8,0)(9,0)(10,0)(11,0)(12,0)(13,0)(14,0)(15,0)(16,0)(17,0)(18,0)(19,0)(20,0)(21,0)(22,0)(23,0)(24,0)
k16(1,2)(2,1)(3,0)(4,0)(5,0)(6,0)(7,0)(8,0)(9,0)(10,0)(11,0)(12,0)(13,0)(14,0)(15,0)(16,0)(17,0)(18,0)(19,0)(20,0)(21,0)(22,0)(23,0)(24,0)
k17(1,2)(2,1)(3,0)(4,0)(5,0)(6,0)(7,0)(8,0)(9,0)(10,0)(11,0)(12,0)(13,0)(14,0)(15,0)(16,0)(17,0)(18,0)(19,0)(20,0)(21,0)(22,0)(23,0)(24,0)
k18(1,1)(2,1)(3,0)(4,0)(5,0)(6,0)(7,0)(8,0)(9,0)(10,0)(11,0)(12,0)(13,0)(14,0)(15,0)(16,0)(17,0)(18,0)(19,0)(20,0)(21,0)(22,0)(23,0)(24,0)
k19(1,2)(2,1)(3,0)(4,0)(5,0)(6,0)(7,0)(8,0)(9,0)(10,0)(11,0)(12,0)(13,0)(14,0)(15,0)(16,0)(17,0)(18,0)(19,0)(20,0)(21,0)(22,0)(23,0)(24,0)
k20(1,1)(2,0)(3,0)(4,0)(5,0)(6,0)(7,0)(8,0)(9,0)(10,0)(11,0)(12,0)(13,0)(14,0)(15,0)(16,0)(17,0)(18,0)(19,0)(20,0)(21,0)(22,0)(23,0)(24,0)
k21(1,1)(2,0)(3,0)(4,0)(5,0)(6,0)(7,0)(8,0)(9,0)(10,0)(11,0)(12,0)(13,0)(14,0)(15,0)(16,0)(17,0)(18,0)(19,0)(20,0)(21,0)(22,0)(23,0)(24,0)
k22(1,1)(2,0)(3,0)(4,0)(5,0)(6,0)(7,0)(8,0)(9,0)(10,0)(11,0)(12,0)(13,0)(14,0)(15,0)(16,0)(17,0)(18,0)(19,0)(20,0)(21,0)(22,0)(23,0)(24,0)
n=25
k1(1,9)(2,5)(3,6)(4,4)(5,3)(6,2)(7,2)(8,1)(9,1)(10,1)(11,0)(12,0)(13,0)(14,0)(15,0)(16,0)(17,0)(18,0)(19,0)(20,0)(21,0)(22,0)(23,0)(24,0)(25,0)
k2(1,9)(2,6)(3,3)(4,3)(5,1)(6,2)(7,1)(8,1)(9,1)(10,1)(11,0)(12,0)(13,0)(14,0)(15,0)(16,0)(17,0)(18,0)(19,0)(20,0)(21,0)(22,0)(23,0)(24,0)(25,0)
k3(1,10)(2,5)(3,3)(4,3)(5,1)(6,2)(7,2)(8,1)(9,1)(10,0)(11,0)(12,0)(13,0)(14,0)(15,0)(16,0)(17,0)(18,0)(19,0)(20,0)(21,0)(22,0)(23,0)(24,0)(25,0)
k4(1,7)(2,5)(3,3)(4,2)(5,2)(6,1)(7,1)(8,0)(9,0)(10,0)(11,0)(12,0)(13,0)(14,0)(15,0)(16,0)(17,0)(18,0)(19,0)(20,0)(21,0)(22,0)(23,0)(24,0)(25,0)
k5(1,5)(2,4)(3,2)(4,1)(5,2)(6,1)(7,1)(8,0)(9,0)(10,0)(11,0)(12,0)(13,0)(14,0)(15,0)(16,0)(17,0)(18,0)(19,0)(20,0)(21,0)(22,0)(23,0)(24,0)(25,0)
k6(1,7)(2,3)(3,1)(4,2)(5,1)(6,1)(7,0)(8,0)(9,0)(10,0)(11,0)(12,0)(13,0)(14,0)(15,0)(16,0)(17,0)(18,0)(19,0)(20,0)(21,0)(22,0)(23,0)(24,0)(25,0)
k7(1,6)(2,4)(3,2)(4,1)(5,1)(6,1)(7,0)(8,0)(9,0)(10,0)(11,0)(12,0)(13,0)(14,0)(15,0)(16,0)(17,0)(18,0)(19,0)(20,0)(21,0)(22,0)(23,0)(24,0)(25,0)
k8(1,5)(2,4)(3,3)(4,1)(5,1)(6,1)(7,0)(8,0)(9,0)(10,0)(11,0)(12,0)(13,0)(14,0)(15,0)(16,0)(17,0)(18,0)(19,0)(20,0)(21,0)(22,0)(23,0)(24,0)(25,0)
k9(1,4)(2,4)(3,2)(4,1)(5,1)(6,0)(7,0)(8,0)(9,0)(10,0)(11,0)(12,0)(13,0)(14,0)(15,0)(16,0)(17,0)(18,0)(19,0)(20,0)(21,0)(22,0)(23,0)(24,0)(25,0)
k10(1,4)(2,2)(3,1)(4,1)(5,0)(6,0)(7,0)(8,0)(9,0)(10,0)(11,0)(12,0)(13,0)(14,0)(15,0)(16,0)(17,0)(18,0)(19,0)(20,0)(21,0)(22,0)(23,0)(24,0)(25,0)
k11(1,4)(2,2)(3,2)(4,1)(5,0)(6,0)(7,0)(8,0)(9,0)(10,0)(11,0)(12,0)(13,0)(14,0)(15,0)(16,0)(17,0)(18,0)(19,0)(20,0)(21,0)(22,0)(23,0)(24,0)(25,0)
k12(1,4)(2,3)(3,1)(4,1)(5,0)(6,0)(7,0)(8,0)(9,0)(10,0)(11,0)(12,0)(13,0)(14,0)(15,0)(16,0)(17,0)(18,0)(19,0)(20,0)(21,0)(22,0)(23,0)(24,0)(25,0)
k13(1,4)(2,1)(3,1)(4,1)(5,0)(6,0)(7,0)(8,0)(9,0)(10,0)(11,0)(12,0)(13,0)(14,0)(15,0)(16,0)(17,0)(18,0)(19,0)(20,0)(21,0)(22,0)(23,0)(24,0)(25,0)
k14(1,3)(2,2)(3,1)(4,0)(5,0)(6,0)(7,0)(8,0)(9,0)(10,0)(11,0)(12,0)(13,0)(14,0)(15,0)(16,0)(17,0)(18,0)(19,0)(20,0)(21,0)(22,0)(23,0)(24,0)(25,0)
k15(1,2)(2,1)(3,1)(4,0)(5,0)(6,0)(7,0)(8,0)(9,0)(10,0)(11,0)(12,0)(13,0)(14,0)(15,0)(16,0)(17,0)(18,0)(19,0)(20,0)(21,0)(22,0)(23,0)(24,0)(25,0)
k16(1,3)(2,1)(3,0)(4,0)(5,0)(6,0)(7,0)(8,0)(9,0)(10,0)(11,0)(12,0)(13,0)(14,0)(15,0)(16,0)(17,0)(18,0)(19,0)(20,0)(21,0)(22,0)(23,0)(24,0)(25,0)
k17(1,2)(2,1)(3,1)(4,0)(5,0)(6,0)(7,0)(8,0)(9,0)(10,0)(11,0)(12,0)(13,0)(14,0)(15,0)(16,0)(17,0)(18,0)(19,0)(20,0)(21,0)(22,0)(23,0)(24,0)(25,0)
k18(1,2)(2,1)(3,0)(4,0)(5,0)(6,0)(7,0)(8,0)(9,0)(10,0)(11,0)(12,0)(13,0)(14,0)(15,0)(16,0)(17,0)(18,0)(19,0)(20,0)(21,0)(22,0)(23,0)(24,0)(25,0)
k19(1,1)(2,1)(3,0)(4,0)(5,0)(6,0)(7,0)(8,0)(9,0)(10,0)(11,0)(12,0)(13,0)(14,0)(15,0)(16,0)(17,0)(18,0)(19,0)(20,0)(21,0)(22,0)(23,0)(24,0)(25,0)
k20(1,1)(2,0)(3,0)(4,0)(5,0)(6,0)(7,0)(8,0)(9,0)(10,0)(11,0)(12,0)(13,0)(14,0)(15,0)(16,0)(17,0)(18,0)(19,0)(20,0)(21,0)(22,0)(23,0)(24,0)(25,0)
k21(1,2)(2,0)(3,0)(4,0)(5,0)(6,0)(7,0)(8,0)(9,0)(10,0)(11,0)(12,0)(13,0)(14,0)(15,0)(16,0)(17,0)(18,0)(19,0)(20,0)(21,0)(22,0)(23,0)(24,0)(25,0)
k22(1,1)(2,0)(3,0)(4,0)(5,0)(6,0)(7,0)(8,0)(9,0)(10,0)(11,0)(12,0)(13,0)(14,0)(15,0)(16,0)(17,0)(18,0)(19,0)(20,0)(21,0)(22,0)(23,0)(24,0)(25,0)
k23(1,1)(2,0)(3,0)(4,0)(5,0)(6,0)(7,0)(8,0)(9,0)(10,0)(11,0)(12,0)(13,0)(14,0)(15,0)(16,0)(17,0)(18,0)(19,0)(20,0)(21,0)(22,0)(23,0)(24,0)(25,0)
n=26
k1(1,11)(2,7)(3,6)(4,4)(5,2)(6,3)(7,2)(8,1)(9,2)(10,1)(11,1)(12,0)(13,0)(14,0)(15,0)(16,0)(17,0)(18,0)(19,0)(20,0)(21,0)(22,0)(23,0)(24,0)(25,0)(26,0)
k2(1,8)(2,9)(3,4)(4,3)(5,2)(6,2)(7,1)(8,2)(9,1)(10,1)(11,0)(12,0)(13,0)(14,0)(15,0)(16,0)(17,0)(18,0)(19,0)(20,0)(21,0)(22,0)(23,0)(24,0)(25,0)(26,0)
k3(1,10)(2,7)(3,3)(4,3)(5,1)(6,2)(7,1)(8,1)(9,1)(10,0)(11,0)(12,0)(13,0)(14,0)(15,0)(16,0)(17,0)(18,0)(19,0)(20,0)(21,0)(22,0)(23,0)(24,0)(25,0)(26,0)
k4(1,6)(2,5)(3,2)(4,2)(5,2)(6,1)(7,1)(8,0)(9,1)(10,0)(11,0)(12,0)(13,0)(14,0)(15,0)(16,0)(17,0)(18,0)(19,0)(20,0)(21,0)(22,0)(23,0)(24,0)(25,0)(26,0)
k5(1,9)(2,7)(3,3)(4,1)(5,2)(6,1)(7,1)(8,0)(9,0)(10,0)(11,0)(12,0)(13,0)(14,0)(15,0)(16,0)(17,0)(18,0)(19,0)(20,0)(21,0)(22,0)(23,0)(24,0)(25,0)(26,0)
k6(1,7)(2,3)(3,4)(4,3)(5,1)(6,1)(7,1)(8,0)(9,0)(10,0)(11,0)(12,0)(13,0)(14,0)(15,0)(16,0)(17,0)(18,0)(19,0)(20,0)(21,0)(22,0)(23,0)(24,0)(25,0)(26,0)
k7(1,6)(2,5)(3,3)(4,1)(5,1)(6,1)(7,0)(8,0)(9,0)(10,0)(11,0)(12,0)(13,0)(14,0)(15,0)(16,0)(17,0)(18,0)(19,0)(20,0)(21,0)(22,0)(23,0)(24,0)(25,0)(26,0)
k8(1,5)(2,4)(3,2)(4,2)(5,1)(6,1)(7,0)(8,0)(9,0)(10,0)(11,0)(12,0)(13,0)(14,0)(15,0)(16,0)(17,0)(18,0)(19,0)(20,0)(21,0)(22,0)(23,0)(24,0)(25,0)(26,0)
k9(1,5)(2,4)(3,1)(4,1)(5,1)(6,0)(7,0)(8,0)(9,0)(10,0)(11,0)(12,0)(13,0)(14,0)(15,0)(16,0)(17,0)(18,0)(19,0)(20,0)(21,0)(22,0)(23,0)(24,0)(25,0)(26,0)
k10(1,5)(2,2)(3,1)(4,1)(5,0)(6,0)(7,0)(8,0)(9,0)(10,0)(11,0)(12,0)(13,0)(14,0)(15,0)(16,0)(17,0)(18,0)(19,0)(20,0)(21,0)(22,0)(23,0)(24,0)(25,0)(26,0)
k11(1,4)(2,4)(3,2)(4,1)(5,1)(6,0)(7,0)(8,0)(9,0)(10,0)(11,0)(12,0)(13,0)(14,0)(15,0)(16,0)(17,0)(18,0)(19,0)(20,0)(21,0)(22,0)(23,0)(24,0)(25,0)(26,0)
k12(1,4)(2,3)(3,2)(4,1)(5,1)(6,0)(7,0)(8,0)(9,0)(10,0)(11,0)(12,0)(13,0)(14,0)(15,0)(16,0)(17,0)(18,0)(19,0)(20,0)(21,0)(22,0)(23,0)(24,0)(25,0)(26,0)
k13(1,3)(2,2)(3,1)(4,1)(5,0)(6,0)(7,0)(8,0)(9,0)(10,0)(11,0)(12,0)(13,0)(14,0)(15,0)(16,0)(17,0)(18,0)(19,0)(20,0)(21,0)(22,0)(23,0)(24,0)(25,0)(26,0)
k14(1,4)(2,2)(3,1)(4,1)(5,0)(6,0)(7,0)(8,0)(9,0)(10,0)(11,0)(12,0)(13,0)(14,0)(15,0)(16,0)(17,0)(18,0)(19,0)(20,0)(21,0)(22,0)(23,0)(24,0)(25,0)(26,0)
k15(1,2)(2,1)(3,1)(4,0)(5,0)(6,0)(7,0)(8,0)(9,0)(10,0)(11,0)(12,0)(13,0)(14,0)(15,0)(16,0)(17,0)(18,0)(19,0)(20,0)(21,0)(22,0)(23,0)(24,0)(25,0)(26,0)
k16(1,3)(2,1)(3,0)(4,0)(5,0)(6,0)(7,0)(8,0)(9,0)(10,0)(11,0)(12,0)(13,0)(14,0)(15,0)(16,0)(17,0)(18,0)(19,0)(20,0)(21,0)(22,0)(23,0)(24,0)(25,0)(26,0)
k17(1,2)(2,1)(3,1)(4,0)(5,0)(6,0)(7,0)(8,0)(9,0)(10,0)(11,0)(12,0)(13,0)(14,0)(15,0)(16,0)(17,0)(18,0)(19,0)(20,0)(21,0)(22,0)(23,0)(24,0)(25,0)(26,0)
k18(1,2)(2,1)(3,0)(4,0)(5,0)(6,0)(7,0)(8,0)(9,0)(10,0)(11,0)(12,0)(13,0)(14,0)(15,0)(16,0)(17,0)(18,0)(19,0)(20,0)(21,0)(22,0)(23,0)(24,0)(25,0)(26,0)
k19(1,2)(2,1)(3,0)(4,0)(5,0)(6,0)(7,0)(8,0)(9,0)(10,0)(11,0)(12,0)(13,0)(14,0)(15,0)(16,0)(17,0)(18,0)(19,0)(20,0)(21,0)(22,0)(23,0)(24,0)(25,0)(26,0)
k20(1,2)(2,1)(3,0)(4,0)(5,0)(6,0)(7,0)(8,0)(9,0)(10,0)(11,0)(12,0)(13,0)(14,0)(15,0)(16,0)(17,0)(18,0)(19,0)(20,0)(21,0)(22,0)(23,0)(24,0)(25,0)(26,0)
k21(1,1)(2,1)(3,0)(4,0)(5,0)(6,0)(7,0)(8,0)(9,0)(10,0)(11,0)(12,0)(13,0)(14,0)(15,0)(16,0)(17,0)(18,0)(19,0)(20,0)(21,0)(22,0)(23,0)(24,0)(25,0)(26,0)
k22(1,1)(2,0)(3,0)(4,0)(5,0)(6,0)(7,0)(8,0)(9,0)(10,0)(11,0)(12,0)(13,0)(14,0)(15,0)(16,0)(17,0)(18,0)(19,0)(20,0)(21,0)(22,0)(23,0)(24,0)(25,0)(26,0)
k23(1,1)(2,0)(3,0)(4,0)(5,0)(6,0)(7,0)(8,0)(9,0)(10,0)(11,0)(12,0)(13,0)(14,0)(15,0)(16,0)(17,0)(18,0)(19,0)(20,0)(21,0)(22,0)(23,0)(24,0)(25,0)(26,0)
k24(1,1)(2,0)(3,0)(4,0)(5,0)(6,0)(7,0)(8,0)(9,0)(10,0)(11,0)(12,0)(13,0)(14,0)(15,0)(16,0)(17,0)(18,0)(19,0)(20,0)(21,0)(22,0)(23,0)(24,0)(25,0)(26,0)
n=27
k1(1,8)(2,7)(3,7)(4,3)(5,2)(6,3)(7,2)(8,1)(9,2)(10,1)(11,1)(12,1)(13,0)(14,0)(15,0)(16,0)(17,0)(18,0)(19,0)(20,0)(21,0)(22,0)(23,0)(24,0)(25,0)(26,0)(27,0)
k2(1,11)(2,6)(3,5)(4,3)(5,1)(6,2)(7,1)(8,1)(9,1)(10,1)(11,0)(12,0)(13,0)(14,0)(15,0)(16,0)(17,0)(18,0)(19,0)(20,0)(21,0)(22,0)(23,0)(24,0)(25,0)(26,0)(27,0)
k3(1,9)(2,7)(3,3)(4,3)(5,3)(6,2)(7,2)(8,1)(9,1)(10,1)(11,0)(12,0)(13,0)(14,0)(15,0)(16,0)(17,0)(18,0)(19,0)(20,0)(21,0)(22,0)(23,0)(24,0)(25,0)(26,0)(27,0)
k4(1,9)(2,7)(3,4)(4,3)(5,2)(6,1)(7,1)(8,0)(9,1)(10,0)(11,0)(12,0)(13,0)(14,0)(15,0)(16,0)(17,0)(18,0)(19,0)(20,0)(21,0)(22,0)(23,0)(24,0)(25,0)(26,0)(27,0)
k5(1,9)(2,5)(3,2)(4,1)(5,2)(6,1)(7,2)(8,0)(9,0)(10,0)(11,0)(12,0)(13,0)(14,0)(15,0)(16,0)(17,0)(18,0)(19,0)(20,0)(21,0)(22,0)(23,0)(24,0)(25,0)(26,0)(27,0)
k6(1,8)(2,6)(3,3)(4,1)(5,2)(6,1)(7,1)(8,0)(9,0)(10,0)(11,0)(12,0)(13,0)(14,0)(15,0)(16,0)(17,0)(18,0)(19,0)(20,0)(21,0)(22,0)(23,0)(24,0)(25,0)(26,0)(27,0)
k7(1,5)(2,5)(3,2)(4,3)(5,2)(6,1)(7,1)(8,0)(9,0)(10,0)(11,0)(12,0)(13,0)(14,0)(15,0)(16,0)(17,0)(18,0)(19,0)(20,0)(21,0)(22,0)(23,0)(24,0)(25,0)(26,0)(27,0)
k8(1,5)(2,5)(3,2)(4,2)(5,1)(6,1)(7,0)(8,0)(9,0)(10,0)(11,0)(12,0)(13,0)(14,0)(15,0)(16,0)(17,0)(18,0)(19,0)(20,0)(21,0)(22,0)(23,0)(24,0)(25,0)(26,0)(27,0)
k9(1,4)(2,4)(3,2)(4,2)(5,1)(6,0)(7,0)(8,0)(9,0)(10,0)(11,0)(12,0)(13,0)(14,0)(15,0)(16,0)(17,0)(18,0)(19,0)(20,0)(21,0)(22,0)(23,0)(24,0)(25,0)(26,0)(27,0)
k10(1,5)(2,3)(3,2)(4,1)(5,0)(6,0)(7,0)(8,0)(9,0)(10,0)(11,0)(12,0)(13,0)(14,0)(15,0)(16,0)(17,0)(18,0)(19,0)(20,0)(21,0)(22,0)(23,0)(24,0)(25,0)(26,0)(27,0)
k11(1,5)(2,2)(3,1)(4,1)(5,1)(6,0)(7,0)(8,0)(9,0)(10,0)(11,0)(12,0)(13,0)(14,0)(15,0)(16,0)(17,0)(18,0)(19,0)(20,0)(21,0)(22,0)(23,0)(24,0)(25,0)(26,0)(27,0)
k12(1,4)(2,3)(3,2)(4,1)(5,1)(6,0)(7,0)(8,0)(9,0)(10,0)(11,0)(12,0)(13,0)(14,0)(15,0)(16,0)(17,0)(18,0)(19,0)(20,0)(21,0)(22,0)(23,0)(24,0)(25,0)(26,0)(27,0)
k13(1,3)(2,3)(3,1)(4,1)(5,0)(6,0)(7,0)(8,0)(9,0)(10,0)(11,0)(12,0)(13,0)(14,0)(15,0)(16,0)(17,0)(18,0)(19,0)(20,0)(21,0)(22,0)(23,0)(24,0)(25,0)(26,0)(27,0)
k14(1,4)(2,3)(3,1)(4,1)(5,0)(6,0)(7,0)(8,0)(9,0)(10,0)(11,0)(12,0)(13,0)(14,0)(15,0)(16,0)(17,0)(18,0)(19,0)(20,0)(21,0)(22,0)(23,0)(24,0)(25,0)(26,0)(27,0)
k15(1,3)(2,2)(3,1)(4,0)(5,0)(6,0)(7,0)(8,0)(9,0)(10,0)(11,0)(12,0)(13,0)(14,0)(15,0)(16,0)(17,0)(18,0)(19,0)(20,0)(21,0)(22,0)(23,0)(24,0)(25,0)(26,0)(27,0)
k16(1,2)(2,2)(3,0)(4,0)(5,0)(6,0)(7,0)(8,0)(9,0)(10,0)(11,0)(12,0)(13,0)(14,0)(15,0)(16,0)(17,0)(18,0)(19,0)(20,0)(21,0)(22,0)(23,0)(24,0)(25,0)(26,0)(27,0)
k17(1,2)(2,1)(3,1)(4,0)(5,0)(6,0)(7,0)(8,0)(9,0)(10,0)(11,0)(12,0)(13,0)(14,0)(15,0)(16,0)(17,0)(18,0)(19,0)(20,0)(21,0)(22,0)(23,0)(24,0)(25,0)(26,0)(27,0)
k18(1,3)(2,1)(3,0)(4,0)(5,0)(6,0)(7,0)(8,0)(9,0)(10,0)(11,0)(12,0)(13,0)(14,0)(15,0)(16,0)(17,0)(18,0)(19,0)(20,0)(21,0)(22,0)(23,0)(24,0)(25,0)(26,0)(27,0)
k19(1,3)(2,1)(3,1)(4,0)(5,0)(6,0)(7,0)(8,0)(9,0)(10,0)(11,0)(12,0)(13,0)(14,0)(15,0)(16,0)(17,0)(18,0)(19,0)(20,0)(21,0)(22,0)(23,0)(24,0)(25,0)(26,0)(27,0)
k20(1,2)(2,1)(3,0)(4,0)(5,0)(6,0)(7,0)(8,0)(9,0)(10,0)(11,0)(12,0)(13,0)(14,0)(15,0)(16,0)(17,0)(18,0)(19,0)(20,0)(21,0)(22,0)(23,0)(24,0)(25,0)(26,0)(27,0)
k21(1,2)(2,1)(3,0)(4,0)(5,0)(6,0)(7,0)(8,0)(9,0)(10,0)(11,0)(12,0)(13,0)(14,0)(15,0)(16,0)(17,0)(18,0)(19,0)(20,0)(21,0)(22,0)(23,0)(24,0)(25,0)(26,0)(27,0)
k22(1,1)(2,0)(3,0)(4,0)(5,0)(6,0)(7,0)(8,0)(9,0)(10,0)(11,0)(12,0)(13,0)(14,0)(15,0)(16,0)(17,0)(18,0)(19,0)(20,0)(21,0)(22,0)(23,0)(24,0)(25,0)(26,0)(27,0)
k23(1,1)(2,0)(3,0)(4,0)(5,0)(6,0)(7,0)(8,0)(9,0)(10,0)(11,0)(12,0)(13,0)(14,0)(15,0)(16,0)(17,0)(18,0)(19,0)(20,0)(21,0)(22,0)(23,0)(24,0)(25,0)(26,0)(27,0)
k24(1,1)(2,0)(3,0)(4,0)(5,0)(6,0)(7,0)(8,0)(9,0)(10,0)(11,0)(12,0)(13,0)(14,0)(15,0)(16,0)(17,0)(18,0)(19,0)(20,0)(21,0)(22,0)(23,0)(24,0)(25,0)(26,0)(27,0)
k25(1,1)(2,0)(3,0)(4,0)(5,0)(6,0)(7,0)(8,0)(9,0)(10,0)(11,0)(12,0)(13,0)(14,0)(15,0)(16,0)(17,0)(18,0)(19,0)(20,0)(21,0)(22,0)(23,0)(24,0)(25,0)(26,0)(27,0)
n=28
k1(1,8)(2,7)(3,6)(4,3)(5,3)(6,3)(7,2)(8,2)(9,2)(10,2)(11,1)(12,1)(13,0)(14,0)(15,0)(16,0)(17,0)(18,0)(19,0)(20,0)(21,0)(22,0)(23,0)(24,0)(25,0)(26,0)(27,0)(28,0)
k2(1,9)(2,7)(3,5)(4,3)(5,3)(6,3)(7,2)(8,1)(9,1)(10,1)(11,1)(12,0)(13,0)(14,0)(15,0)(16,0)(17,0)(18,0)(19,0)(20,0)(21,0)(22,0)(23,0)(24,0)(25,0)(26,0)(27,0)(28,0)
k3(1,8)(2,7)(3,5)(4,3)(5,3)(6,1)(7,2)(8,1)(9,1)(10,1)(11,0)(12,0)(13,0)(14,0)(15,0)(16,0)(17,0)(18,0)(19,0)(20,0)(21,0)(22,0)(23,0)(24,0)(25,0)(26,0)(27,0)(28,0)
k4(1,8)(2,6)(3,4)(4,3)(5,3)(6,2)(7,2)(8,0)(9,1)(10,0)(11,0)(12,0)(13,0)(14,0)(15,0)(16,0)(17,0)(18,0)(19,0)(20,0)(21,0)(22,0)(23,0)(24,0)(25,0)(26,0)(27,0)(28,0)
k5(1,9)(2,5)(3,3)(4,1)(5,2)(6,1)(7,1)(8,0)(9,0)(10,0)(11,0)(12,0)(13,0)(14,0)(15,0)(16,0)(17,0)(18,0)(19,0)(20,0)(21,0)(22,0)(23,0)(24,0)(25,0)(26,0)(27,0)(28,0)
k6(1,6)(2,5)(3,1)(4,2)(5,2)(6,1)(7,1)(8,0)(9,0)(10,0)(11,0)(12,0)(13,0)(14,0)(15,0)(16,0)(17,0)(18,0)(19,0)(20,0)(21,0)(22,0)(23,0)(24,0)(25,0)(26,0)(27,0)(28,0)
k7(1,5)(2,5)(3,2)(4,3)(5,1)(6,1)(7,1)(8,0)(9,0)(10,0)(11,0)(12,0)(13,0)(14,0)(15,0)(16,0)(17,0)(18,0)(19,0)(20,0)(21,0)(22,0)(23,0)(24,0)(25,0)(26,0)(27,0)(28,0)
k8(1,5)(2,5)(3,2)(4,3)(5,1)(6,1)(7,0)(8,0)(9,0)(10,0)(11,0)(12,0)(13,0)(14,0)(15,0)(16,0)(17,0)(18,0)(19,0)(20,0)(21,0)(22,0)(23,0)(24,0)(25,0)(26,0)(27,0)(28,0)
k9(1,5)(2,4)(3,1)(4,1)(5,1)(6,0)(7,0)(8,0)(9,0)(10,0)(11,0)(12,0)(13,0)(14,0)(15,0)(16,0)(17,0)(18,0)(19,0)(20,0)(21,0)(22,0)(23,0)(24,0)(25,0)(26,0)(27,0)(28,0)
k10(1,5)(2,4)(3,3)(4,2)(5,1)(6,0)(7,0)(8,0)(9,0)(10,0)(11,0)(12,0)(13,0)(14,0)(15,0)(16,0)(17,0)(18,0)(19,0)(20,0)(21,0)(22,0)(23,0)(24,0)(25,0)(26,0)(27,0)(28,0)
k11(1,3)(2,3)(3,1)(4,1)(5,1)(6,0)(7,0)(8,0)(9,0)(10,0)(11,0)(12,0)(13,0)(14,0)(15,0)(16,0)(17,0)(18,0)(19,0)(20,0)(21,0)(22,0)(23,0)(24,0)(25,0)(26,0)(27,0)(28,0)
k12(1,4)(2,2)(3,2)(4,1)(5,1)(6,0)(7,0)(8,0)(9,0)(10,0)(11,0)(12,0)(13,0)(14,0)(15,0)(16,0)(17,0)(18,0)(19,0)(20,0)(21,0)(22,0)(23,0)(24,0)(25,0)(26,0)(27,0)(28,0)
k13(1,4)(2,2)(3,1)(4,1)(5,0)(6,0)(7,0)(8,0)(9,0)(10,0)(11,0)(12,0)(13,0)(14,0)(15,0)(16,0)(17,0)(18,0)(19,0)(20,0)(21,0)(22,0)(23,0)(24,0)(25,0)(26,0)(27,0)(28,0)
k14(1,4)(2,2)(3,1)(4,1)(5,0)(6,0)(7,0)(8,0)(9,0)(10,0)(11,0)(12,0)(13,0)(14,0)(15,0)(16,0)(17,0)(18,0)(19,0)(20,0)(21,0)(22,0)(23,0)(24,0)(25,0)(26,0)(27,0)(28,0)
k15(1,3)(2,2)(3,1)(4,1)(5,0)(6,0)(7,0)(8,0)(9,0)(10,0)(11,0)(12,0)(13,0)(14,0)(15,0)(16,0)(17,0)(18,0)(19,0)(20,0)(21,0)(22,0)(23,0)(24,0)(25,0)(26,0)(27,0)(28,0)
k16(1,3)(2,1)(3,1)(4,1)(5,0)(6,0)(7,0)(8,0)(9,0)(10,0)(11,0)(12,0)(13,0)(14,0)(15,0)(16,0)(17,0)(18,0)(19,0)(20,0)(21,0)(22,0)(23,0)(24,0)(25,0)(26,0)(27,0)(28,0)
k17(1,3)(2,1)(3,1)(4,0)(5,0)(6,0)(7,0)(8,0)(9,0)(10,0)(11,0)(12,0)(13,0)(14,0)(15,0)(16,0)(17,0)(18,0)(19,0)(20,0)(21,0)(22,0)(23,0)(24,0)(25,0)(26,0)(27,0)(28,0)
k18(1,2)(2,1)(3,0)(4,0)(5,0)(6,0)(7,0)(8,0)(9,0)(10,0)(11,0)(12,0)(13,0)(14,0)(15,0)(16,0)(17,0)(18,0)(19,0)(20,0)(21,0)(22,0)(23,0)(24,0)(25,0)(26,0)(27,0)(28,0)
k19(1,2)(2,1)(3,1)(4,0)(5,0)(6,0)(7,0)(8,0)(9,0)(10,0)(11,0)(12,0)(13,0)(14,0)(15,0)(16,0)(17,0)(18,0)(19,0)(20,0)(21,0)(22,0)(23,0)(24,0)(25,0)(26,0)(27,0)(28,0)
k20(1,2)(2,1)(3,0)(4,0)(5,0)(6,0)(7,0)(8,0)(9,0)(10,0)(11,0)(12,0)(13,0)(14,0)(15,0)(16,0)(17,0)(18,0)(19,0)(20,0)(21,0)(22,0)(23,0)(24,0)(25,0)(26,0)(27,0)(28,0)
k21(1,2)(2,1)(3,0)(4,0)(5,0)(6,0)(7,0)(8,0)(9,0)(10,0)(11,0)(12,0)(13,0)(14,0)(15,0)(16,0)(17,0)(18,0)(19,0)(20,0)(21,0)(22,0)(23,0)(24,0)(25,0)(26,0)(27,0)(28,0)
k22(1,2)(2,1)(3,0)(4,0)(5,0)(6,0)(7,0)(8,0)(9,0)(10,0)(11,0)(12,0)(13,0)(14,0)(15,0)(16,0)(17,0)(18,0)(19,0)(20,0)(21,0)(22,0)(23,0)(24,0)(25,0)(26,0)(27,0)(28,0)
k23(1,2)(2,1)(3,0)(4,0)(5,0)(6,0)(7,0)(8,0)(9,0)(10,0)(11,0)(12,0)(13,0)(14,0)(15,0)(16,0)(17,0)(18,0)(19,0)(20,0)(21,0)(22,0)(23,0)(24,0)(25,0)(26,0)(27,0)(28,0)
k24(1,1)(2,1)(3,0)(4,0)(5,0)(6,0)(7,0)(8,0)(9,0)(10,0)(11,0)(12,0)(13,0)(14,0)(15,0)(16,0)(17,0)(18,0)(19,0)(20,0)(21,0)(22,0)(23,0)(24,0)(25,0)(26,0)(27,0)(28,0)
k25(1,1)(2,0)(3,0)(4,0)(5,0)(6,0)(7,0)(8,0)(9,0)(10,0)(11,0)(12,0)(13,0)(14,0)(15,0)(16,0)(17,0)(18,0)(19,0)(20,0)(21,0)(22,0)(23,0)(24,0)(25,0)(26,0)(27,0)(28,0)
k26(1,1)(2,0)(3,0)(4,0)(5,0)(6,0)(7,0)(8,0)(9,0)(10,0)(11,0)(12,0)(13,0)(14,0)(15,0)(16,0)(17,0)(18,0)(19,0)(20,0)(21,0)(22,0)(23,0)(24,0)(25,0)(26,0)(27,0)(28,0)
n=29
k1(1,15)(2,9)(3,6)(4,5)(5,2)(6,3)(7,2)(8,1)(9,2)(10,2)(11,1)(12,1)(13,0)(14,0)(15,0)(16,0)(17,0)(18,0)(19,0)(20,0)(21,0)(22,0)(23,0)(24,0)(25,0)(26,0)(27,0)(28,0)(29,0)
k2(1,11)(2,7)(3,5)(4,4)(5,3)(6,3)(7,2)(8,2)(9,1)(10,1)(11,1)(12,0)(13,0)(14,0)(15,0)(16,0)(17,0)(18,0)(19,0)(20,0)(21,0)(22,0)(23,0)(24,0)(25,0)(26,0)(27,0)(28,0)(29,0)
k3(1,8)(2,7)(3,3)(4,3)(5,1)(6,1)(7,1)(8,1)(9,1)(10,1)(11,0)(12,0)(13,0)(14,0)(15,0)(16,0)(17,0)(18,0)(19,0)(20,0)(21,0)(22,0)(23,0)(24,0)(25,0)(26,0)(27,0)(28,0)(29,0)
k4(1,9)(2,6)(3,4)(4,3)(5,2)(6,2)(7,1)(8,1)(9,1)(10,0)(11,0)(12,0)(13,0)(14,0)(15,0)(16,0)(17,0)(18,0)(19,0)(20,0)(21,0)(22,0)(23,0)(24,0)(25,0)(26,0)(27,0)(28,0)(29,0)
k5(1,9)(2,5)(3,4)(4,3)(5,2)(6,2)(7,1)(8,0)(9,0)(10,1)(11,0)(12,0)(13,0)(14,0)(15,0)(16,0)(17,0)(18,0)(19,0)(20,0)(21,0)(22,0)(23,0)(24,0)(25,0)(26,0)(27,0)(28,0)(29,0)
k6(1,6)(2,5)(3,4)(4,4)(5,1)(6,2)(7,1)(8,0)(9,0)(10,0)(11,0)(12,0)(13,0)(14,0)(15,0)(16,0)(17,0)(18,0)(19,0)(20,0)(21,0)(22,0)(23,0)(24,0)(25,0)(26,0)(27,0)(28,0)(29,0)
k7(1,7)(2,4)(3,4)(4,3)(5,1)(6,1)(7,1)(8,0)(9,0)(10,0)(11,0)(12,0)(13,0)(14,0)(15,0)(16,0)(17,0)(18,0)(19,0)(20,0)(21,0)(22,0)(23,0)(24,0)(25,0)(26,0)(27,0)(28,0)(29,0)
k8(1,7)(2,5)(3,2)(4,2)(5,1)(6,1)(7,0)(8,0)(9,0)(10,0)(11,0)(12,0)(13,0)(14,0)(15,0)(16,0)(17,0)(18,0)(19,0)(20,0)(21,0)(22,0)(23,0)(24,0)(25,0)(26,0)(27,0)(28,0)(29,0)
k9(1,7)(2,5)(3,1)(4,3)(5,1)(6,0)(7,0)(8,0)(9,0)(10,0)(11,0)(12,0)(13,0)(14,0)(15,0)(16,0)(17,0)(18,0)(19,0)(20,0)(21,0)(22,0)(23,0)(24,0)(25,0)(26,0)(27,0)(28,0)(29,0)
k10(1,6)(2,4)(3,2)(4,2)(5,1)(6,1)(7,0)(8,0)(9,0)(10,0)(11,0)(12,0)(13,0)(14,0)(15,0)(16,0)(17,0)(18,0)(19,0)(20,0)(21,0)(22,0)(23,0)(24,0)(25,0)(26,0)(27,0)(28,0)(29,0)
k11(1,5)(2,3)(3,3)(4,2)(5,1)(6,0)(7,0)(8,0)(9,0)(10,0)(11,0)(12,0)(13,0)(14,0)(15,0)(16,0)(17,0)(18,0)(19,0)(20,0)(21,0)(22,0)(23,0)(24,0)(25,0)(26,0)(27,0)(28,0)(29,0)
k12(1,5)(2,3)(3,1)(4,2)(5,1)(6,0)(7,0)(8,0)(9,0)(10,0)(11,0)(12,0)(13,0)(14,0)(15,0)(16,0)(17,0)(18,0)(19,0)(20,0)(21,0)(22,0)(23,0)(24,0)(25,0)(26,0)(27,0)(28,0)(29,0)
k13(1,4)(2,3)(3,3)(4,1)(5,1)(6,0)(7,0)(8,0)(9,0)(10,0)(11,0)(12,0)(13,0)(14,0)(15,0)(16,0)(17,0)(18,0)(19,0)(20,0)(21,0)(22,0)(23,0)(24,0)(25,0)(26,0)(27,0)(28,0)(29,0)
k14(1,3)(2,1)(3,2)(4,1)(5,0)(6,0)(7,0)(8,0)(9,0)(10,0)(11,0)(12,0)(13,0)(14,0)(15,0)(16,0)(17,0)(18,0)(19,0)(20,0)(21,0)(22,0)(23,0)(24,0)(25,0)(26,0)(27,0)(28,0)(29,0)
k15(1,4)(2,1)(3,1)(4,1)(5,0)(6,0)(7,0)(8,0)(9,0)(10,0)(11,0)(12,0)(13,0)(14,0)(15,0)(16,0)(17,0)(18,0)(19,0)(20,0)(21,0)(22,0)(23,0)(24,0)(25,0)(26,0)(27,0)(28,0)(29,0)
k16(1,3)(2,3)(3,1)(4,1)(5,0)(6,0)(7,0)(8,0)(9,0)(10,0)(11,0)(12,0)(13,0)(14,0)(15,0)(16,0)(17,0)(18,0)(19,0)(20,0)(21,0)(22,0)(23,0)(24,0)(25,0)(26,0)(27,0)(28,0)(29,0)
k17(1,3)(2,2)(3,1)(4,0)(5,0)(6,0)(7,0)(8,0)(9,0)(10,0)(11,0)(12,0)(13,0)(14,0)(15,0)(16,0)(17,0)(18,0)(19,0)(20,0)(21,0)(22,0)(23,0)(24,0)(25,0)(26,0)(27,0)(28,0)(29,0)
k18(1,3)(2,1)(3,0)(4,0)(5,0)(6,0)(7,0)(8,0)(9,0)(10,0)(11,0)(12,0)(13,0)(14,0)(15,0)(16,0)(17,0)(18,0)(19,0)(20,0)(21,0)(22,0)(23,0)(24,0)(25,0)(26,0)(27,0)(28,0)(29,0)
k19(1,3)(2,1)(3,1)(4,0)(5,0)(6,0)(7,0)(8,0)(9,0)(10,0)(11,0)(12,0)(13,0)(14,0)(15,0)(16,0)(17,0)(18,0)(19,0)(20,0)(21,0)(22,0)(23,0)(24,0)(25,0)(26,0)(27,0)(28,0)(29,0)
k20(1,2)(2,1)(3,0)(4,0)(5,0)(6,0)(7,0)(8,0)(9,0)(10,0)(11,0)(12,0)(13,0)(14,0)(15,0)(16,0)(17,0)(18,0)(19,0)(20,0)(21,0)(22,0)(23,0)(24,0)(25,0)(26,0)(27,0)(28,0)(29,0)
k21(1,2)(2,1)(3,0)(4,0)(5,0)(6,0)(7,0)(8,0)(9,0)(10,0)(11,0)(12,0)(13,0)(14,0)(15,0)(16,0)(17,0)(18,0)(19,0)(20,0)(21,0)(22,0)(23,0)(24,0)(25,0)(26,0)(27,0)(28,0)(29,0)
k22(1,2)(2,1)(3,0)(4,0)(5,0)(6,0)(7,0)(8,0)(9,0)(10,0)(11,0)(12,0)(13,0)(14,0)(15,0)(16,0)(17,0)(18,0)(19,0)(20,0)(21,0)(22,0)(23,0)(24,0)(25,0)(26,0)(27,0)(28,0)(29,0)
k23(1,1)(2,1)(3,0)(4,0)(5,0)(6,0)(7,0)(8,0)(9,0)(10,0)(11,0)(12,0)(13,0)(14,0)(15,0)(16,0)(17,0)(18,0)(19,0)(20,0)(21,0)(22,0)(23,0)(24,0)(25,0)(26,0)(27,0)(28,0)(29,0)
k24(1,2)(2,1)(3,0)(4,0)(5,0)(6,0)(7,0)(8,0)(9,0)(10,0)(11,0)(12,0)(13,0)(14,0)(15,0)(16,0)(17,0)(18,0)(19,0)(20,0)(21,0)(22,0)(23,0)(24,0)(25,0)(26,0)(27,0)(28,0)(29,0)
k25(1,1)(2,0)(3,0)(4,0)(5,0)(6,0)(7,0)(8,0)(9,0)(10,0)(11,0)(12,0)(13,0)(14,0)(15,0)(16,0)(17,0)(18,0)(19,0)(20,0)(21,0)(22,0)(23,0)(24,0)(25,0)(26,0)(27,0)(28,0)(29,0)
k26(1,1)(2,0)(3,0)(4,0)(5,0)(6,0)(7,0)(8,0)(9,0)(10,0)(11,0)(12,0)(13,0)(14,0)(15,0)(16,0)(17,0)(18,0)(19,0)(20,0)(21,0)(22,0)(23,0)(24,0)(25,0)(26,0)(27,0)(28,0)(29,0)
k27(1,1)(2,0)(3,0)(4,0)(5,0)(6,0)(7,0)(8,0)(9,0)(10,0)(11,0)(12,0)(13,0)(14,0)(15,0)(16,0)(17,0)(18,0)(19,0)(20,0)(21,0)(22,0)(23,0)(24,0)(25,0)(26,0)(27,0)(28,0)(29,0)
n=30
k1(1,8)(2,7)(3,6)(4,3)(5,2)(6,3)(7,2)(8,2)(9,2)(10,2)(11,1)(12,1)(13,1)(14,0)(15,0)(16,0)(17,0)(18,0)(19,0)(20,0)(21,0)(22,0)(23,0)(24,0)(25,0)(26,0)(27,0)(28,0)(29,0)(30,0)
k2(1,9)(2,6)(3,4)(4,4)(5,3)(6,3)(7,2)(8,2)(9,1)(10,1)(11,1)(12,0)(13,0)(14,0)(15,0)(16,0)(17,0)(18,0)(19,0)(20,0)(21,0)(22,0)(23,0)(24,0)(25,0)(26,0)(27,0)(28,0)(29,0)(30,0)
k3(1,11)(2,7)(3,5)(4,5)(5,2)(6,1)(7,1)(8,1)(9,1)(10,1)(11,0)(12,0)(13,0)(14,0)(15,0)(16,0)(17,0)(18,0)(19,0)(20,0)(21,0)(22,0)(23,0)(24,0)(25,0)(26,0)(27,0)(28,0)(29,0)(30,0)
k4(1,11)(2,5)(3,4)(4,3)(5,2)(6,1)(7,1)(8,1)(9,1)(10,0)(11,0)(12,0)(13,0)(14,0)(15,0)(16,0)(17,0)(18,0)(19,0)(20,0)(21,0)(22,0)(23,0)(24,0)(25,0)(26,0)(27,0)(28,0)(29,0)(30,0)
k5(1,9)(2,4)(3,2)(4,1)(5,2)(6,1)(7,1)(8,1)(9,0)(10,1)(11,0)(12,0)(13,0)(14,0)(15,0)(16,0)(17,0)(18,0)(19,0)(20,0)(21,0)(22,0)(23,0)(24,0)(25,0)(26,0)(27,0)(28,0)(29,0)(30,0)
k6(1,4)(2,6)(3,4)(4,4)(5,2)(6,2)(7,1)(8,0)(9,0)(10,0)(11,0)(12,0)(13,0)(14,0)(15,0)(16,0)(17,0)(18,0)(19,0)(20,0)(21,0)(22,0)(23,0)(24,0)(25,0)(26,0)(27,0)(28,0)(29,0)(30,0)
k7(1,9)(2,5)(3,4)(4,3)(5,1)(6,1)(7,1)(8,0)(9,0)(10,0)(11,0)(12,0)(13,0)(14,0)(15,0)(16,0)(17,0)(18,0)(19,0)(20,0)(21,0)(22,0)(23,0)(24,0)(25,0)(26,0)(27,0)(28,0)(29,0)(30,0)
k8(1,3)(2,5)(3,2)(4,1)(5,1)(6,1)(7,0)(8,1)(9,0)(10,0)(11,0)(12,0)(13,0)(14,0)(15,0)(16,0)(17,0)(18,0)(19,0)(20,0)(21,0)(22,0)(23,0)(24,0)(25,0)(26,0)(27,0)(28,0)(29,0)(30,0)
k9(1,5)(2,5)(3,4)(4,2)(5,1)(6,0)(7,0)(8,0)(9,0)(10,0)(11,0)(12,0)(13,0)(14,0)(15,0)(16,0)(17,0)(18,0)(19,0)(20,0)(21,0)(22,0)(23,0)(24,0)(25,0)(26,0)(27,0)(28,0)(29,0)(30,0)
k10(1,6)(2,3)(3,3)(4,2)(5,1)(6,1)(7,1)(8,0)(9,0)(10,0)(11,0)(12,0)(13,0)(14,0)(15,0)(16,0)(17,0)(18,0)(19,0)(20,0)(21,0)(22,0)(23,0)(24,0)(25,0)(26,0)(27,0)(28,0)(29,0)(30,0)
k11(1,5)(2,3)(3,2)(4,1)(5,1)(6,1)(7,0)(8,0)(9,0)(10,0)(11,0)(12,0)(13,0)(14,0)(15,0)(16,0)(17,0)(18,0)(19,0)(20,0)(21,0)(22,0)(23,0)(24,0)(25,0)(26,0)(27,0)(28,0)(29,0)(30,0)
k12(1,4)(2,3)(3,2)(4,1)(5,1)(6,0)(7,0)(8,0)(9,0)(10,0)(11,0)(12,0)(13,0)(14,0)(15,0)(16,0)(17,0)(18,0)(19,0)(20,0)(21,0)(22,0)(23,0)(24,0)(25,0)(26,0)(27,0)(28,0)(29,0)(30,0)
k13(1,5)(2,3)(3,2)(4,1)(5,1)(6,0)(7,0)(8,0)(9,0)(10,0)(11,0)(12,0)(13,0)(14,0)(15,0)(16,0)(17,0)(18,0)(19,0)(20,0)(21,0)(22,0)(23,0)(24,0)(25,0)(26,0)(27,0)(28,0)(29,0)(30,0)
k14(1,3)(2,2)(3,2)(4,1)(5,0)(6,0)(7,0)(8,0)(9,0)(10,0)(11,0)(12,0)(13,0)(14,0)(15,0)(16,0)(17,0)(18,0)(19,0)(20,0)(21,0)(22,0)(23,0)(24,0)(25,0)(26,0)(27,0)(28,0)(29,0)(30,0)
k15(1,5)(2,1)(3,1)(4,1)(5,0)(6,0)(7,0)(8,0)(9,0)(10,0)(11,0)(12,0)(13,0)(14,0)(15,0)(16,0)(17,0)(18,0)(19,0)(20,0)(21,0)(22,0)(23,0)(24,0)(25,0)(26,0)(27,0)(28,0)(29,0)(30,0)
k16(1,4)(2,2)(3,1)(4,1)(5,0)(6,0)(7,0)(8,0)(9,0)(10,0)(11,0)(12,0)(13,0)(14,0)(15,0)(16,0)(17,0)(18,0)(19,0)(20,0)(21,0)(22,0)(23,0)(24,0)(25,0)(26,0)(27,0)(28,0)(29,0)(30,0)
k17(1,2)(2,2)(3,1)(4,0)(5,0)(6,0)(7,0)(8,0)(9,0)(10,0)(11,0)(12,0)(13,0)(14,0)(15,0)(16,0)(17,0)(18,0)(19,0)(20,0)(21,0)(22,0)(23,0)(24,0)(25,0)(26,0)(27,0)(28,0)(29,0)(30,0)
k18(1,2)(2,2)(3,1)(4,0)(5,0)(6,0)(7,0)(8,0)(9,0)(10,0)(11,0)(12,0)(13,0)(14,0)(15,0)(16,0)(17,0)(18,0)(19,0)(20,0)(21,0)(22,0)(23,0)(24,0)(25,0)(26,0)(27,0)(28,0)(29,0)(30,0)
k19(1,3)(2,1)(3,1)(4,0)(5,0)(6,0)(7,0)(8,0)(9,0)(10,0)(11,0)(12,0)(13,0)(14,0)(15,0)(16,0)(17,0)(18,0)(19,0)(20,0)(21,0)(22,0)(23,0)(24,0)(25,0)(26,0)(27,0)(28,0)(29,0)(30,0)
k20(1,2)(2,2)(3,1)(4,0)(5,0)(6,0)(7,0)(8,0)(9,0)(10,0)(11,0)(12,0)(13,0)(14,0)(15,0)(16,0)(17,0)(18,0)(19,0)(20,0)(21,0)(22,0)(23,0)(24,0)(25,0)(26,0)(27,0)(28,0)(29,0)(30,0)
k21(1,2)(2,1)(3,0)(4,0)(5,0)(6,0)(7,0)(8,0)(9,0)(10,0)(11,0)(12,0)(13,0)(14,0)(15,0)(16,0)(17,0)(18,0)(19,0)(20,0)(21,0)(22,0)(23,0)(24,0)(25,0)(26,0)(27,0)(28,0)(29,0)(30,0)
k22(1,2)(2,1)(3,0)(4,0)(5,0)(6,0)(7,0)(8,0)(9,0)(10,0)(11,0)(12,0)(13,0)(14,0)(15,0)(16,0)(17,0)(18,0)(19,0)(20,0)(21,0)(22,0)(23,0)(24,0)(25,0)(26,0)(27,0)(28,0)(29,0)(30,0)
k23(1,1)(2,1)(3,0)(4,0)(5,0)(6,0)(7,0)(8,0)(9,0)(10,0)(11,0)(12,0)(13,0)(14,0)(15,0)(16,0)(17,0)(18,0)(19,0)(20,0)(21,0)(22,0)(23,0)(24,0)(25,0)(26,0)(27,0)(28,0)(29,0)(30,0)
k24(1,2)(2,1)(3,0)(4,0)(5,0)(6,0)(7,0)(8,0)(9,0)(10,0)(11,0)(12,0)(13,0)(14,0)(15,0)(16,0)(17,0)(18,0)(19,0)(20,0)(21,0)(22,0)(23,0)(24,0)(25,0)(26,0)(27,0)(28,0)(29,0)(30,0)
k25(1,1)(2,1)(3,0)(4,0)(5,0)(6,0)(7,0)(8,0)(9,0)(10,0)(11,0)(12,0)(13,0)(14,0)(15,0)(16,0)(17,0)(18,0)(19,0)(20,0)(21,0)(22,0)(23,0)(24,0)(25,0)(26,0)(27,0)(28,0)(29,0)(30,0)
k26(1,1)(2,0)(3,0)(4,0)(5,0)(6,0)(7,0)(8,0)(9,0)(10,0)(11,0)(12,0)(13,0)(14,0)(15,0)(16,0)(17,0)(18,0)(19,0)(20,0)(21,0)(22,0)(23,0)(24,0)(25,0)(26,0)(27,0)(28,0)(29,0)(30,0)
k27(1,1)(2,0)(3,0)(4,0)(5,0)(6,0)(7,0)(8,0)(9,0)(10,0)(11,0)(12,0)(13,0)(14,0)(15,0)(16,0)(17,0)(18,0)(19,0)(20,0)(21,0)(22,0)(23,0)(24,0)(25,0)(26,0)(27,0)(28,0)(29,0)(30,0)
k28(1,1)(2,0)(3,0)(4,0)(5,0)(6,0)(7,0)(8,0)(9,0)(10,0)(11,0)(12,0)(13,0)(14,0)(15,0)(16,0)(17,0)(18,0)(19,0)(20,0)(21,0)(22,0)(23,0)(24,0)(25,0)(26,0)(27,0)(28,0)(29,0)(30,0)
n k d = 0,0,0,0
no segmentation fault
